[20190725 00:22:06.266[INFO] logback [main] dy.springboot.AopTests ]:Starting AopTests on hdy with PID 13176 (started by hdy in D:\ProgrammaSoftware\InteliJ IDEA\workspace2\springboot-demo-1)
[20190725 00:22:06.275[INFO] logback [main] dy.springboot.AopTests ]:No active profile set, falling back to default profiles: default
[20190725 00:22:06.314[INFO] logback [main] o.s.w.c.s.GenericWebApplicationContext ]:Refreshing org.springframework.web.context.support.GenericWebApplicationContext@28b46423: startup date [Thu Jul 25 00:22:06 CST 2019]; root of context hierarchy
[20190725 00:22:07.274[INFO] logback [main] o.s.b.f.xml.XmlBeanDefinitionReader ]:Loading XML bean definitions from class path resource [mybean.xml]
[20190725 00:22:07.494[INFO] logback [main] o.s.d.r.c.RepositoryConfigurationDelegate ]:Multiple Spring Data modules found, entering strict repository configuration mode!
[20190725 00:22:07.608[INFO] logback [main] o.s.i.config.IntegrationRegistrar ]:No bean named 'integrationHeaderChannelRegistry' has been explicitly defined. Therefore, a default DefaultHeaderChannelRegistry will be created.
[20190725 00:22:07.933[INFO] logback [main] o.s.i.c.DefaultConfiguringBeanFactoryPostProcessor ]:No bean named 'errorChannel' has been explicitly defined. Therefore, a default PublishSubscribeChannel will be created.
[20190725 00:22:07.941[INFO] logback [main] o.s.i.c.DefaultConfiguringBeanFactoryPostProcessor ]:No bean named 'taskScheduler' has been explicitly defined. Therefore, a default ThreadPoolTaskScheduler will be created.
[20190725 00:22:08.182[INFO] logback [main] o.s.c.s.PostProcessorRegistrationDelegate$BeanPostProcessorChecker ]:Bean 'org.springframework.transaction.annotation.ProxyTransactionManagementConfiguration' of type [org.springframework.transaction.annotation.ProxyTransactionManagementConfiguration$$EnhancerBySpringCGLIB$$2a449d10] is not eligible for getting processed by all BeanPostProcessors (for example: not eligible for auto-proxying)
[20190725 00:22:08.337[INFO] logback [main] o.s.c.s.PostProcessorRegistrationDelegate$BeanPostProcessorChecker ]:Bean 'org.springframework.integration.config.IntegrationManagementConfiguration' of type [org.springframework.integration.config.IntegrationManagementConfiguration$$EnhancerBySpringCGLIB$$9536583f] is not eligible for getting processed by all BeanPostProcessors (for example: not eligible for auto-proxying)
[20190725 00:22:08.815[INFO] logback [main] com.zaxxer.hikari.HikariDataSource ]:MyDataHikariCP - Starting...
[20190725 00:22:09.051[INFO] logback [main] com.zaxxer.hikari.HikariDataSource ]:MyDataHikariCP - Start completed.
[20190725 00:22:09.352[WARN] logback [main] c.b.m.core.toolkit.TableInfoHelper ]:Warn: Could not find @TableId in Class: dy.springboot.demo1.model.Student.
[20190725 00:22:10.081[INFO] logback [main] o.s.w.s.h.SimpleUrlHandlerMapping ]:Mapped URL path [/**/favicon.ico] onto handler of type [class org.springframework.web.servlet.resource.ResourceHttpRequestHandler]
[20190725 00:22:10.627[INFO] logback [main] o.s.w.s.m.m.a.RequestMappingHandlerAdapter ]:Looking for @ControllerAdvice: org.springframework.web.context.support.GenericWebApplicationContext@28b46423: startup date [Thu Jul 25 00:22:06 CST 2019]; root of context hierarchy
[20190725 00:22:10.707[INFO] logback [main] o.s.w.s.m.m.a.RequestMappingHandlerMapping ]:Mapped "{[/hello]}" onto public java.lang.String dy.springboot.demo1.BootApplication.hello(java.lang.String)
[20190725 00:22:10.708[INFO] logback [main] o.s.w.s.m.m.a.RequestMappingHandlerMapping ]:Mapped "{[/]}" onto public java.lang.String dy.springboot.demo1.BootApplication.toIndex()
[20190725 00:22:10.709[INFO] logback [main] o.s.w.s.m.m.a.RequestMappingHandlerMapping ]:Mapped "{[/index]}" onto public java.lang.String dy.springboot.demo1.BootApplication.toIndex_()
[20190725 00:22:10.711[INFO] logback [main] o.s.w.s.m.m.a.RequestMappingHandlerMapping ]:Mapped "{[/demo/test1]}" onto public java.lang.String dy.springboot.demo1.controller.DemoController.test1(java.lang.String)
[20190725 00:22:10.712[INFO] logback [main] o.s.w.s.m.m.a.RequestMappingHandlerMapping ]:Mapped "{[/demo/test2]}" onto public java.lang.String dy.springboot.demo1.controller.DemoController.test2(java.lang.String)
[20190725 00:22:10.712[INFO] logback [main] o.s.w.s.m.m.a.RequestMappingHandlerMapping ]:Mapped "{[/demo/testMapper]}" onto public dy.springboot.demo1.vo.Msg dy.springboot.demo1.controller.DemoController.testMapper()
[20190725 00:22:10.713[INFO] logback [main] o.s.w.s.m.m.a.RequestMappingHandlerMapping ]:Mapped "{[/demo/sessions],methods=[GET]}" onto public java.lang.Object dy.springboot.demo1.controller.DemoController.sessions(javax.servlet.http.HttpServletRequest,javax.servlet.http.HttpSession)
[20190725 00:22:10.713[INFO] logback [main] o.s.w.s.m.m.a.RequestMappingHandlerMapping ]:Mapped "{[/demo/testMybatisPlus]}" onto public dy.springboot.demo1.vo.Msg dy.springboot.demo1.controller.DemoController.testMyBatisPlus()
[20190725 00:22:10.713[INFO] logback [main] o.s.w.s.m.m.a.RequestMappingHandlerMapping ]:Mapped "{[/demo/first],methods=[GET]}" onto public java.util.Map<java.lang.String, java.lang.Object> dy.springboot.demo1.controller.DemoController.firstResp(javax.servlet.http.HttpServletRequest)
[20190725 00:22:10.715[INFO] logback [main] o.s.w.s.m.m.a.RequestMappingHandlerMapping ]:Mapped "{[/login/doLogin]}" onto public java.lang.String dy.springboot.demo1.controller.LoginController.login(javax.servlet.http.HttpServletResponse,java.lang.String)
[20190725 00:22:10.715[INFO] logback [main] o.s.w.s.m.m.a.RequestMappingHandlerMapping ]:Mapped "{[/login/logout]}" onto public java.lang.String dy.springboot.demo1.controller.LoginController.logout(javax.servlet.http.HttpServletRequest,javax.servlet.http.HttpServletResponse)
[20190725 00:22:10.716[INFO] logback [main] o.s.w.s.m.m.a.RequestMappingHandlerMapping ]:Mapped "{[/login/validLogin]}" onto public java.lang.String dy.springboot.demo1.controller.LoginController.validLogin(javax.servlet.http.HttpServletRequest)
[20190725 00:22:10.719[INFO] logback [main] o.s.w.s.m.m.a.RequestMappingHandlerMapping ]:Mapped "{[/error]}" onto public org.springframework.http.ResponseEntity<java.util.Map<java.lang.String, java.lang.Object>> org.springframework.boot.autoconfigure.web.servlet.error.BasicErrorController.error(javax.servlet.http.HttpServletRequest)
[20190725 00:22:10.719[INFO] logback [main] o.s.w.s.m.m.a.RequestMappingHandlerMapping ]:Mapped "{[/error],produces=[text/html]}" onto public org.springframework.web.servlet.ModelAndView org.springframework.boot.autoconfigure.web.servlet.error.BasicErrorController.errorHtml(javax.servlet.http.HttpServletRequest,javax.servlet.http.HttpServletResponse)
[20190725 00:22:10.765[INFO] logback [main] o.s.w.s.h.SimpleUrlHandlerMapping ]:Mapped URL path [/webjars/**] onto handler of type [class org.springframework.web.servlet.resource.ResourceHttpRequestHandler]
[20190725 00:22:10.766[INFO] logback [main] o.s.w.s.h.SimpleUrlHandlerMapping ]:Mapped URL path [/**] onto handler of type [class org.springframework.web.servlet.resource.ResourceHttpRequestHandler]
[20190725 00:22:10.784[INFO] logback [main] o.s.w.s.m.m.a.ExceptionHandlerExceptionResolver ]:Detected @ExceptionHandler methods in exceptionHandler
[20190725 00:22:10.828[INFO] logback [main] o.s.b.a.w.s.WelcomePageHandlerMapping ]:Adding welcome page template: index
[20190725 00:22:12.367[INFO] logback [main] o.s.s.c.ThreadPoolTaskScheduler ]:Initializing ExecutorService 'taskScheduler'
[20190725 00:22:13.015[INFO] logback [main] o.s.c.s.DefaultLifecycleProcessor ]:Starting beans in phase 0
[20190725 00:22:13.016[INFO] logback [main] o.s.i.endpoint.EventDrivenConsumer ]:Adding {logging-channel-adapter:_org.springframework.integration.errorLogger} as a subscriber to the 'errorChannel' channel
[20190725 00:22:13.017[INFO] logback [main] o.s.i.c.PublishSubscribeChannel ]:Channel 'application.errorChannel' has 1 subscriber(s).
[20190725 00:22:13.017[INFO] logback [main] o.s.i.endpoint.EventDrivenConsumer ]:started _org.springframework.integration.errorLogger
[20190725 00:22:13.041[INFO] logback [main] dy.springboot.AopTests ]:Started AopTests in 7.434 seconds (JVM running for 9.097)
[20190725 00:22:13.425[INFO] logback [Thread-2] o.s.w.c.s.GenericWebApplicationContext ]:Closing org.springframework.web.context.support.GenericWebApplicationContext@28b46423: startup date [Thu Jul 25 00:22:06 CST 2019]; root of context hierarchy
[20190725 00:22:13.428[INFO] logback [Thread-2] o.s.c.s.DefaultLifecycleProcessor ]:Stopping beans in phase 0
[20190725 00:22:13.428[INFO] logback [Thread-2] o.s.i.endpoint.EventDrivenConsumer ]:Removing {logging-channel-adapter:_org.springframework.integration.errorLogger} as a subscriber to the 'errorChannel' channel
[20190725 00:22:13.429[INFO] logback [Thread-2] o.s.i.c.PublishSubscribeChannel ]:Channel 'application.errorChannel' has 0 subscriber(s).
[20190725 00:22:13.429[INFO] logback [Thread-2] o.s.i.endpoint.EventDrivenConsumer ]:stopped _org.springframework.integration.errorLogger
[20190725 00:22:13.431[INFO] logback [Thread-2] o.s.s.c.ThreadPoolTaskScheduler ]:Shutting down ExecutorService 'taskScheduler'
[20190725 00:22:13.468[INFO] logback [Thread-2] com.zaxxer.hikari.HikariDataSource ]:MyDataHikariCP - Shutdown initiated...
[20190725 00:22:13.473[INFO] logback [Thread-2] com.zaxxer.hikari.HikariDataSource ]:MyDataHikariCP - Shutdown completed.
[20190725 00:22:59.072[INFO] logback [main] dy.springboot.AopTests ]:Starting AopTests on hdy with PID 10100 (started by hdy in D:\ProgrammaSoftware\InteliJ IDEA\workspace2\springboot-demo-1)
[20190725 00:22:59.074[INFO] logback [main] dy.springboot.AopTests ]:No active profile set, falling back to default profiles: default
[20190725 00:22:59.116[INFO] logback [main] o.s.w.c.s.GenericWebApplicationContext ]:Refreshing org.springframework.web.context.support.GenericWebApplicationContext@28b46423: startup date [Thu Jul 25 00:22:59 CST 2019]; root of context hierarchy
[20190725 00:23:00.231[INFO] logback [main] o.s.b.f.xml.XmlBeanDefinitionReader ]:Loading XML bean definitions from class path resource [mybean.xml]
[20190725 00:23:00.614[INFO] logback [main] o.s.d.r.c.RepositoryConfigurationDelegate ]:Multiple Spring Data modules found, entering strict repository configuration mode!
[20190725 00:23:00.696[INFO] logback [main] o.s.i.config.IntegrationRegistrar ]:No bean named 'integrationHeaderChannelRegistry' has been explicitly defined. Therefore, a default DefaultHeaderChannelRegistry will be created.
[20190725 00:23:01.087[INFO] logback [main] o.s.i.c.DefaultConfiguringBeanFactoryPostProcessor ]:No bean named 'errorChannel' has been explicitly defined. Therefore, a default PublishSubscribeChannel will be created.
[20190725 00:23:01.096[INFO] logback [main] o.s.i.c.DefaultConfiguringBeanFactoryPostProcessor ]:No bean named 'taskScheduler' has been explicitly defined. Therefore, a default ThreadPoolTaskScheduler will be created.
[20190725 00:23:01.383[INFO] logback [main] o.s.c.s.PostProcessorRegistrationDelegate$BeanPostProcessorChecker ]:Bean 'org.springframework.transaction.annotation.ProxyTransactionManagementConfiguration' of type [org.springframework.transaction.annotation.ProxyTransactionManagementConfiguration$$EnhancerBySpringCGLIB$$afc52b37] is not eligible for getting processed by all BeanPostProcessors (for example: not eligible for auto-proxying)
[20190725 00:23:01.541[INFO] logback [main] o.s.c.s.PostProcessorRegistrationDelegate$BeanPostProcessorChecker ]:Bean 'org.springframework.integration.config.IntegrationManagementConfiguration' of type [org.springframework.integration.config.IntegrationManagementConfiguration$$EnhancerBySpringCGLIB$$1ab6e666] is not eligible for getting processed by all BeanPostProcessors (for example: not eligible for auto-proxying)
[20190725 00:23:02.116[INFO] logback [main] com.zaxxer.hikari.HikariDataSource ]:MyDataHikariCP - Starting...
[20190725 00:23:02.353[INFO] logback [main] com.zaxxer.hikari.HikariDataSource ]:MyDataHikariCP - Start completed.
[20190725 00:23:02.541[WARN] logback [main] c.b.m.core.toolkit.TableInfoHelper ]:Warn: Could not find @TableId in Class: dy.springboot.demo1.model.Student.
[20190725 00:23:03.339[INFO] logback [main] o.s.w.s.h.SimpleUrlHandlerMapping ]:Mapped URL path [/**/favicon.ico] onto handler of type [class org.springframework.web.servlet.resource.ResourceHttpRequestHandler]
[20190725 00:23:03.964[INFO] logback [main] o.s.w.s.m.m.a.RequestMappingHandlerAdapter ]:Looking for @ControllerAdvice: org.springframework.web.context.support.GenericWebApplicationContext@28b46423: startup date [Thu Jul 25 00:22:59 CST 2019]; root of context hierarchy
[20190725 00:23:04.070[INFO] logback [main] o.s.w.s.m.m.a.RequestMappingHandlerMapping ]:Mapped "{[/hello]}" onto public java.lang.String dy.springboot.demo1.BootApplication.hello(java.lang.String)
[20190725 00:23:04.072[INFO] logback [main] o.s.w.s.m.m.a.RequestMappingHandlerMapping ]:Mapped "{[/index]}" onto public java.lang.String dy.springboot.demo1.BootApplication.toIndex_()
[20190725 00:23:04.072[INFO] logback [main] o.s.w.s.m.m.a.RequestMappingHandlerMapping ]:Mapped "{[/]}" onto public java.lang.String dy.springboot.demo1.BootApplication.toIndex()
[20190725 00:23:04.075[INFO] logback [main] o.s.w.s.m.m.a.RequestMappingHandlerMapping ]:Mapped "{[/demo/test1]}" onto public java.lang.String dy.springboot.demo1.controller.DemoController.test1(java.lang.String)
[20190725 00:23:04.075[INFO] logback [main] o.s.w.s.m.m.a.RequestMappingHandlerMapping ]:Mapped "{[/demo/test2]}" onto public java.lang.String dy.springboot.demo1.controller.DemoController.test2(java.lang.String)
[20190725 00:23:04.076[INFO] logback [main] o.s.w.s.m.m.a.RequestMappingHandlerMapping ]:Mapped "{[/demo/testMybatisPlus]}" onto public dy.springboot.demo1.vo.Msg dy.springboot.demo1.controller.DemoController.testMyBatisPlus()
[20190725 00:23:04.078[INFO] logback [main] o.s.w.s.m.m.a.RequestMappingHandlerMapping ]:Mapped "{[/demo/testMapper]}" onto public dy.springboot.demo1.vo.Msg dy.springboot.demo1.controller.DemoController.testMapper()
[20190725 00:23:04.079[INFO] logback [main] o.s.w.s.m.m.a.RequestMappingHandlerMapping ]:Mapped "{[/demo/first],methods=[GET]}" onto public java.util.Map<java.lang.String, java.lang.Object> dy.springboot.demo1.controller.DemoController.firstResp(javax.servlet.http.HttpServletRequest)
[20190725 00:23:04.079[INFO] logback [main] o.s.w.s.m.m.a.RequestMappingHandlerMapping ]:Mapped "{[/demo/sessions],methods=[GET]}" onto public java.lang.Object dy.springboot.demo1.controller.DemoController.sessions(javax.servlet.http.HttpServletRequest,javax.servlet.http.HttpSession)
[20190725 00:23:04.082[INFO] logback [main] o.s.w.s.m.m.a.RequestMappingHandlerMapping ]:Mapped "{[/login/logout]}" onto public java.lang.String dy.springboot.demo1.controller.LoginController.logout(javax.servlet.http.HttpServletRequest,javax.servlet.http.HttpServletResponse)
[20190725 00:23:04.082[INFO] logback [main] o.s.w.s.m.m.a.RequestMappingHandlerMapping ]:Mapped "{[/login/doLogin]}" onto public java.lang.String dy.springboot.demo1.controller.LoginController.login(javax.servlet.http.HttpServletResponse,java.lang.String)
[20190725 00:23:04.083[INFO] logback [main] o.s.w.s.m.m.a.RequestMappingHandlerMapping ]:Mapped "{[/login/validLogin]}" onto public java.lang.String dy.springboot.demo1.controller.LoginController.validLogin(javax.servlet.http.HttpServletRequest)
[20190725 00:23:04.085[INFO] logback [main] o.s.w.s.m.m.a.RequestMappingHandlerMapping ]:Mapped "{[/error]}" onto public org.springframework.http.ResponseEntity<java.util.Map<java.lang.String, java.lang.Object>> org.springframework.boot.autoconfigure.web.servlet.error.BasicErrorController.error(javax.servlet.http.HttpServletRequest)
[20190725 00:23:04.086[INFO] logback [main] o.s.w.s.m.m.a.RequestMappingHandlerMapping ]:Mapped "{[/error],produces=[text/html]}" onto public org.springframework.web.servlet.ModelAndView org.springframework.boot.autoconfigure.web.servlet.error.BasicErrorController.errorHtml(javax.servlet.http.HttpServletRequest,javax.servlet.http.HttpServletResponse)
[20190725 00:23:04.147[INFO] logback [main] o.s.w.s.h.SimpleUrlHandlerMapping ]:Mapped URL path [/webjars/**] onto handler of type [class org.springframework.web.servlet.resource.ResourceHttpRequestHandler]
[20190725 00:23:04.148[INFO] logback [main] o.s.w.s.h.SimpleUrlHandlerMapping ]:Mapped URL path [/**] onto handler of type [class org.springframework.web.servlet.resource.ResourceHttpRequestHandler]
[20190725 00:23:04.170[INFO] logback [main] o.s.w.s.m.m.a.ExceptionHandlerExceptionResolver ]:Detected @ExceptionHandler methods in exceptionHandler
[20190725 00:23:04.243[INFO] logback [main] o.s.b.a.w.s.WelcomePageHandlerMapping ]:Adding welcome page template: index
[20190725 00:23:05.862[INFO] logback [main] o.s.s.c.ThreadPoolTaskScheduler ]:Initializing ExecutorService 'taskScheduler'
[20190725 00:23:06.450[INFO] logback [main] o.s.c.s.DefaultLifecycleProcessor ]:Starting beans in phase 0
[20190725 00:23:06.451[INFO] logback [main] o.s.i.endpoint.EventDrivenConsumer ]:Adding {logging-channel-adapter:_org.springframework.integration.errorLogger} as a subscriber to the 'errorChannel' channel
[20190725 00:23:06.451[INFO] logback [main] o.s.i.c.PublishSubscribeChannel ]:Channel 'application.errorChannel' has 1 subscriber(s).
[20190725 00:23:06.451[INFO] logback [main] o.s.i.endpoint.EventDrivenConsumer ]:started _org.springframework.integration.errorLogger
[20190725 00:23:06.464[INFO] logback [main] dy.springboot.AopTests ]:Started AopTests in 7.933 seconds (JVM running for 9.209)
[20190725 00:23:06.737[INFO] logback [Thread-2] o.s.w.c.s.GenericWebApplicationContext ]:Closing org.springframework.web.context.support.GenericWebApplicationContext@28b46423: startup date [Thu Jul 25 00:22:59 CST 2019]; root of context hierarchy
[20190725 00:23:06.738[INFO] logback [Thread-2] o.s.c.s.DefaultLifecycleProcessor ]:Stopping beans in phase 0
[20190725 00:23:06.739[INFO] logback [Thread-2] o.s.i.endpoint.EventDrivenConsumer ]:Removing {logging-channel-adapter:_org.springframework.integration.errorLogger} as a subscriber to the 'errorChannel' channel
[20190725 00:23:06.739[INFO] logback [Thread-2] o.s.i.c.PublishSubscribeChannel ]:Channel 'application.errorChannel' has 0 subscriber(s).
[20190725 00:23:06.740[INFO] logback [Thread-2] o.s.i.endpoint.EventDrivenConsumer ]:stopped _org.springframework.integration.errorLogger
[20190725 00:23:06.741[INFO] logback [Thread-2] o.s.s.c.ThreadPoolTaskScheduler ]:Shutting down ExecutorService 'taskScheduler'
[20190725 00:23:06.756[INFO] logback [Thread-2] com.zaxxer.hikari.HikariDataSource ]:MyDataHikariCP - Shutdown initiated...
[20190725 00:23:06.769[INFO] logback [Thread-2] com.zaxxer.hikari.HikariDataSource ]:MyDataHikariCP - Shutdown completed.
[20190725 00:28:13.863[INFO] logback [main] dy.springboot.AopTests ]:Starting AopTests on hdy with PID 15040 (started by hdy in D:\ProgrammaSoftware\InteliJ IDEA\workspace2\springboot-demo-1)
[20190725 00:28:13.865[INFO] logback [main] dy.springboot.AopTests ]:No active profile set, falling back to default profiles: default
[20190725 00:28:13.910[INFO] logback [main] o.s.w.c.s.GenericWebApplicationContext ]:Refreshing org.springframework.web.context.support.GenericWebApplicationContext@5b7a8434: startup date [Thu Jul 25 00:28:13 CST 2019]; root of context hierarchy
[20190725 00:28:14.624[INFO] logback [main] o.s.b.f.xml.XmlBeanDefinitionReader ]:Loading XML bean definitions from class path resource [mybean.xml]
[20190725 00:28:14.839[INFO] logback [main] o.s.d.r.c.RepositoryConfigurationDelegate ]:Multiple Spring Data modules found, entering strict repository configuration mode!
[20190725 00:28:14.913[INFO] logback [main] o.s.i.config.IntegrationRegistrar ]:No bean named 'integrationHeaderChannelRegistry' has been explicitly defined. Therefore, a default DefaultHeaderChannelRegistry will be created.
[20190725 00:28:15.209[INFO] logback [main] o.s.i.c.DefaultConfiguringBeanFactoryPostProcessor ]:No bean named 'errorChannel' has been explicitly defined. Therefore, a default PublishSubscribeChannel will be created.
[20190725 00:28:15.217[INFO] logback [main] o.s.i.c.DefaultConfiguringBeanFactoryPostProcessor ]:No bean named 'taskScheduler' has been explicitly defined. Therefore, a default ThreadPoolTaskScheduler will be created.
[20190725 00:28:15.435[INFO] logback [main] o.s.c.s.PostProcessorRegistrationDelegate$BeanPostProcessorChecker ]:Bean 'org.springframework.transaction.annotation.ProxyTransactionManagementConfiguration' of type [org.springframework.transaction.annotation.ProxyTransactionManagementConfiguration$$EnhancerBySpringCGLIB$$60c2c574] is not eligible for getting processed by all BeanPostProcessors (for example: not eligible for auto-proxying)
[20190725 00:28:15.601[INFO] logback [main] o.s.c.s.PostProcessorRegistrationDelegate$BeanPostProcessorChecker ]:Bean 'org.springframework.integration.config.IntegrationManagementConfiguration' of type [org.springframework.integration.config.IntegrationManagementConfiguration$$EnhancerBySpringCGLIB$$cbb480a3] is not eligible for getting processed by all BeanPostProcessors (for example: not eligible for auto-proxying)
[20190725 00:28:16.006[INFO] logback [main] com.zaxxer.hikari.HikariDataSource ]:MyDataHikariCP - Starting...
[20190725 00:28:16.239[INFO] logback [main] com.zaxxer.hikari.HikariDataSource ]:MyDataHikariCP - Start completed.
[20190725 00:28:16.387[WARN] logback [main] c.b.m.core.toolkit.TableInfoHelper ]:Warn: Could not find @TableId in Class: dy.springboot.demo1.model.Student.
[20190725 00:28:16.991[INFO] logback [main] o.s.w.s.h.SimpleUrlHandlerMapping ]:Mapped URL path [/**/favicon.ico] onto handler of type [class org.springframework.web.servlet.resource.ResourceHttpRequestHandler]
[20190725 00:28:17.488[INFO] logback [main] o.s.w.s.m.m.a.RequestMappingHandlerAdapter ]:Looking for @ControllerAdvice: org.springframework.web.context.support.GenericWebApplicationContext@5b7a8434: startup date [Thu Jul 25 00:28:13 CST 2019]; root of context hierarchy
[20190725 00:28:17.558[INFO] logback [main] o.s.w.s.m.m.a.RequestMappingHandlerMapping ]:Mapped "{[/hello]}" onto public java.lang.String dy.springboot.demo1.BootApplication.hello(java.lang.String)
[20190725 00:28:17.559[INFO] logback [main] o.s.w.s.m.m.a.RequestMappingHandlerMapping ]:Mapped "{[/]}" onto public java.lang.String dy.springboot.demo1.BootApplication.toIndex()
[20190725 00:28:17.560[INFO] logback [main] o.s.w.s.m.m.a.RequestMappingHandlerMapping ]:Mapped "{[/index]}" onto public java.lang.String dy.springboot.demo1.BootApplication.toIndex_()
[20190725 00:28:17.562[INFO] logback [main] o.s.w.s.m.m.a.RequestMappingHandlerMapping ]:Mapped "{[/demo/testMybatisPlus]}" onto public dy.springboot.demo1.vo.Msg dy.springboot.demo1.controller.DemoController.testMyBatisPlus()
[20190725 00:28:17.563[INFO] logback [main] o.s.w.s.m.m.a.RequestMappingHandlerMapping ]:Mapped "{[/demo/testMapper]}" onto public dy.springboot.demo1.vo.Msg dy.springboot.demo1.controller.DemoController.testMapper()
[20190725 00:28:17.564[INFO] logback [main] o.s.w.s.m.m.a.RequestMappingHandlerMapping ]:Mapped "{[/demo/first],methods=[GET]}" onto public java.util.Map<java.lang.String, java.lang.Object> dy.springboot.demo1.controller.DemoController.firstResp(javax.servlet.http.HttpServletRequest)
[20190725 00:28:17.565[INFO] logback [main] o.s.w.s.m.m.a.RequestMappingHandlerMapping ]:Mapped "{[/demo/sessions],methods=[GET]}" onto public java.lang.Object dy.springboot.demo1.controller.DemoController.sessions(javax.servlet.http.HttpServletRequest,javax.servlet.http.HttpSession)
[20190725 00:28:17.565[INFO] logback [main] o.s.w.s.m.m.a.RequestMappingHandlerMapping ]:Mapped "{[/demo/test1]}" onto public java.lang.String dy.springboot.demo1.controller.DemoController.test1(java.lang.String)
[20190725 00:28:17.566[INFO] logback [main] o.s.w.s.m.m.a.RequestMappingHandlerMapping ]:Mapped "{[/demo/test2]}" onto public java.lang.String dy.springboot.demo1.controller.DemoController.test2(java.lang.String)
[20190725 00:28:17.567[INFO] logback [main] o.s.w.s.m.m.a.RequestMappingHandlerMapping ]:Mapped "{[/login/validLogin]}" onto public java.lang.String dy.springboot.demo1.controller.LoginController.validLogin(javax.servlet.http.HttpServletRequest)
[20190725 00:28:17.568[INFO] logback [main] o.s.w.s.m.m.a.RequestMappingHandlerMapping ]:Mapped "{[/login/logout]}" onto public java.lang.String dy.springboot.demo1.controller.LoginController.logout(javax.servlet.http.HttpServletRequest,javax.servlet.http.HttpServletResponse)
[20190725 00:28:17.568[INFO] logback [main] o.s.w.s.m.m.a.RequestMappingHandlerMapping ]:Mapped "{[/login/doLogin]}" onto public java.lang.String dy.springboot.demo1.controller.LoginController.login(javax.servlet.http.HttpServletResponse,java.lang.String)
[20190725 00:28:17.570[INFO] logback [main] o.s.w.s.m.m.a.RequestMappingHandlerMapping ]:Mapped "{[/error]}" onto public org.springframework.http.ResponseEntity<java.util.Map<java.lang.String, java.lang.Object>> org.springframework.boot.autoconfigure.web.servlet.error.BasicErrorController.error(javax.servlet.http.HttpServletRequest)
[20190725 00:28:17.571[INFO] logback [main] o.s.w.s.m.m.a.RequestMappingHandlerMapping ]:Mapped "{[/error],produces=[text/html]}" onto public org.springframework.web.servlet.ModelAndView org.springframework.boot.autoconfigure.web.servlet.error.BasicErrorController.errorHtml(javax.servlet.http.HttpServletRequest,javax.servlet.http.HttpServletResponse)
[20190725 00:28:17.618[INFO] logback [main] o.s.w.s.h.SimpleUrlHandlerMapping ]:Mapped URL path [/webjars/**] onto handler of type [class org.springframework.web.servlet.resource.ResourceHttpRequestHandler]
[20190725 00:28:17.619[INFO] logback [main] o.s.w.s.h.SimpleUrlHandlerMapping ]:Mapped URL path [/**] onto handler of type [class org.springframework.web.servlet.resource.ResourceHttpRequestHandler]
[20190725 00:28:17.638[INFO] logback [main] o.s.w.s.m.m.a.ExceptionHandlerExceptionResolver ]:Detected @ExceptionHandler methods in exceptionHandler
[20190725 00:28:17.680[INFO] logback [main] o.s.b.a.w.s.WelcomePageHandlerMapping ]:Adding welcome page template: index
[20190725 00:28:19.120[INFO] logback [main] o.s.s.c.ThreadPoolTaskScheduler ]:Initializing ExecutorService 'taskScheduler'
[20190725 00:28:19.526[INFO] logback [main] o.s.c.s.DefaultLifecycleProcessor ]:Starting beans in phase 0
[20190725 00:28:19.527[INFO] logback [main] o.s.i.endpoint.EventDrivenConsumer ]:Adding {logging-channel-adapter:_org.springframework.integration.errorLogger} as a subscriber to the 'errorChannel' channel
[20190725 00:28:19.527[INFO] logback [main] o.s.i.c.PublishSubscribeChannel ]:Channel 'application.errorChannel' has 1 subscriber(s).
[20190725 00:28:19.528[INFO] logback [main] o.s.i.endpoint.EventDrivenConsumer ]:started _org.springframework.integration.errorLogger
[20190725 00:28:19.537[INFO] logback [main] dy.springboot.AopTests ]:Started AopTests in 6.232 seconds (JVM running for 7.076)
[20190725 00:28:19.856[INFO] logback [Thread-2] o.s.w.c.s.GenericWebApplicationContext ]:Closing org.springframework.web.context.support.GenericWebApplicationContext@5b7a8434: startup date [Thu Jul 25 00:28:13 CST 2019]; root of context hierarchy
[20190725 00:28:19.857[INFO] logback [Thread-2] o.s.c.s.DefaultLifecycleProcessor ]:Stopping beans in phase 0
[20190725 00:28:19.858[INFO] logback [Thread-2] o.s.i.endpoint.EventDrivenConsumer ]:Removing {logging-channel-adapter:_org.springframework.integration.errorLogger} as a subscriber to the 'errorChannel' channel
[20190725 00:28:19.859[INFO] logback [Thread-2] o.s.i.c.PublishSubscribeChannel ]:Channel 'application.errorChannel' has 0 subscriber(s).
[20190725 00:28:19.859[INFO] logback [Thread-2] o.s.i.endpoint.EventDrivenConsumer ]:stopped _org.springframework.integration.errorLogger
[20190725 00:28:19.860[INFO] logback [Thread-2] o.s.s.c.ThreadPoolTaskScheduler ]:Shutting down ExecutorService 'taskScheduler'
[20190725 00:28:19.874[INFO] logback [Thread-2] com.zaxxer.hikari.HikariDataSource ]:MyDataHikariCP - Shutdown initiated...
[20190725 00:28:19.878[INFO] logback [Thread-2] com.zaxxer.hikari.HikariDataSource ]:MyDataHikariCP - Shutdown completed.
[20190725 00:31:41.091[INFO] logback [main] dy.springboot.AopTests ]:Starting AopTests on hdy with PID 3652 (started by hdy in D:\ProgrammaSoftware\InteliJ IDEA\workspace2\springboot-demo-1)
[20190725 00:31:41.093[INFO] logback [main] dy.springboot.AopTests ]:No active profile set, falling back to default profiles: default
[20190725 00:31:41.127[INFO] logback [main] o.s.w.c.s.GenericWebApplicationContext ]:Refreshing org.springframework.web.context.support.GenericWebApplicationContext@55c53a33: startup date [Thu Jul 25 00:31:41 CST 2019]; root of context hierarchy
[20190725 00:31:42.360[INFO] logback [main] o.s.b.f.xml.XmlBeanDefinitionReader ]:Loading XML bean definitions from class path resource [mybean.xml]
[20190725 00:31:42.660[INFO] logback [main] o.s.d.r.c.RepositoryConfigurationDelegate ]:Multiple Spring Data modules found, entering strict repository configuration mode!
[20190725 00:31:42.730[INFO] logback [main] o.s.i.config.IntegrationRegistrar ]:No bean named 'integrationHeaderChannelRegistry' has been explicitly defined. Therefore, a default DefaultHeaderChannelRegistry will be created.
[20190725 00:31:43.039[INFO] logback [main] o.s.i.c.DefaultConfiguringBeanFactoryPostProcessor ]:No bean named 'errorChannel' has been explicitly defined. Therefore, a default PublishSubscribeChannel will be created.
[20190725 00:31:43.048[INFO] logback [main] o.s.i.c.DefaultConfiguringBeanFactoryPostProcessor ]:No bean named 'taskScheduler' has been explicitly defined. Therefore, a default ThreadPoolTaskScheduler will be created.
[20190725 00:31:43.302[INFO] logback [main] o.s.c.s.PostProcessorRegistrationDelegate$BeanPostProcessorChecker ]:Bean 'org.springframework.transaction.annotation.ProxyTransactionManagementConfiguration' of type [org.springframework.transaction.annotation.ProxyTransactionManagementConfiguration$$EnhancerBySpringCGLIB$$31723b68] is not eligible for getting processed by all BeanPostProcessors (for example: not eligible for auto-proxying)
[20190725 00:31:43.451[INFO] logback [main] o.s.c.s.PostProcessorRegistrationDelegate$BeanPostProcessorChecker ]:Bean 'org.springframework.integration.config.IntegrationManagementConfiguration' of type [org.springframework.integration.config.IntegrationManagementConfiguration$$EnhancerBySpringCGLIB$$9c63f697] is not eligible for getting processed by all BeanPostProcessors (for example: not eligible for auto-proxying)
[20190725 00:31:43.882[INFO] logback [main] com.zaxxer.hikari.HikariDataSource ]:MyDataHikariCP - Starting...
[20190725 00:31:44.123[INFO] logback [main] com.zaxxer.hikari.HikariDataSource ]:MyDataHikariCP - Start completed.
[20190725 00:31:44.273[WARN] logback [main] c.b.m.core.toolkit.TableInfoHelper ]:Warn: Could not find @TableId in Class: dy.springboot.demo1.model.Student.
[20190725 00:31:44.792[INFO] logback [main] o.s.w.s.h.SimpleUrlHandlerMapping ]:Mapped URL path [/**/favicon.ico] onto handler of type [class org.springframework.web.servlet.resource.ResourceHttpRequestHandler]
[20190725 00:31:45.294[INFO] logback [main] o.s.w.s.m.m.a.RequestMappingHandlerAdapter ]:Looking for @ControllerAdvice: org.springframework.web.context.support.GenericWebApplicationContext@55c53a33: startup date [Thu Jul 25 00:31:41 CST 2019]; root of context hierarchy
[20190725 00:31:45.375[INFO] logback [main] o.s.w.s.m.m.a.RequestMappingHandlerMapping ]:Mapped "{[/hello]}" onto public java.lang.String dy.springboot.demo1.BootApplication.hello(java.lang.String)
[20190725 00:31:45.376[INFO] logback [main] o.s.w.s.m.m.a.RequestMappingHandlerMapping ]:Mapped "{[/]}" onto public java.lang.String dy.springboot.demo1.BootApplication.toIndex()
[20190725 00:31:45.377[INFO] logback [main] o.s.w.s.m.m.a.RequestMappingHandlerMapping ]:Mapped "{[/index]}" onto public java.lang.String dy.springboot.demo1.BootApplication.toIndex_()
[20190725 00:31:45.380[INFO] logback [main] o.s.w.s.m.m.a.RequestMappingHandlerMapping ]:Mapped "{[/demo/test2]}" onto public java.lang.String dy.springboot.demo1.controller.DemoController.test2(java.lang.String)
[20190725 00:31:45.380[INFO] logback [main] o.s.w.s.m.m.a.RequestMappingHandlerMapping ]:Mapped "{[/demo/test1]}" onto public java.lang.String dy.springboot.demo1.controller.DemoController.test1(java.lang.String)
[20190725 00:31:45.381[INFO] logback [main] o.s.w.s.m.m.a.RequestMappingHandlerMapping ]:Mapped "{[/demo/sessions],methods=[GET]}" onto public java.lang.Object dy.springboot.demo1.controller.DemoController.sessions(javax.servlet.http.HttpServletRequest,javax.servlet.http.HttpSession)
[20190725 00:31:45.382[INFO] logback [main] o.s.w.s.m.m.a.RequestMappingHandlerMapping ]:Mapped "{[/demo/testMybatisPlus]}" onto public dy.springboot.demo1.vo.Msg dy.springboot.demo1.controller.DemoController.testMyBatisPlus()
[20190725 00:31:45.382[INFO] logback [main] o.s.w.s.m.m.a.RequestMappingHandlerMapping ]:Mapped "{[/demo/first],methods=[GET]}" onto public java.util.Map<java.lang.String, java.lang.Object> dy.springboot.demo1.controller.DemoController.firstResp(javax.servlet.http.HttpServletRequest)
[20190725 00:31:45.382[INFO] logback [main] o.s.w.s.m.m.a.RequestMappingHandlerMapping ]:Mapped "{[/demo/testMapper]}" onto public dy.springboot.demo1.vo.Msg dy.springboot.demo1.controller.DemoController.testMapper()
[20190725 00:31:45.383[INFO] logback [main] o.s.w.s.m.m.a.RequestMappingHandlerMapping ]:Mapped "{[/login/doLogin]}" onto public java.lang.String dy.springboot.demo1.controller.LoginController.login(javax.servlet.http.HttpServletResponse,java.lang.String)
[20190725 00:31:45.384[INFO] logback [main] o.s.w.s.m.m.a.RequestMappingHandlerMapping ]:Mapped "{[/login/logout]}" onto public java.lang.String dy.springboot.demo1.controller.LoginController.logout(javax.servlet.http.HttpServletRequest,javax.servlet.http.HttpServletResponse)
[20190725 00:31:45.385[INFO] logback [main] o.s.w.s.m.m.a.RequestMappingHandlerMapping ]:Mapped "{[/login/validLogin]}" onto public java.lang.String dy.springboot.demo1.controller.LoginController.validLogin(javax.servlet.http.HttpServletRequest)
[20190725 00:31:45.386[INFO] logback [main] o.s.w.s.m.m.a.RequestMappingHandlerMapping ]:Mapped "{[/error]}" onto public org.springframework.http.ResponseEntity<java.util.Map<java.lang.String, java.lang.Object>> org.springframework.boot.autoconfigure.web.servlet.error.BasicErrorController.error(javax.servlet.http.HttpServletRequest)
[20190725 00:31:45.387[INFO] logback [main] o.s.w.s.m.m.a.RequestMappingHandlerMapping ]:Mapped "{[/error],produces=[text/html]}" onto public org.springframework.web.servlet.ModelAndView org.springframework.boot.autoconfigure.web.servlet.error.BasicErrorController.errorHtml(javax.servlet.http.HttpServletRequest,javax.servlet.http.HttpServletResponse)
[20190725 00:31:45.440[INFO] logback [main] o.s.w.s.h.SimpleUrlHandlerMapping ]:Mapped URL path [/webjars/**] onto handler of type [class org.springframework.web.servlet.resource.ResourceHttpRequestHandler]
[20190725 00:31:45.441[INFO] logback [main] o.s.w.s.h.SimpleUrlHandlerMapping ]:Mapped URL path [/**] onto handler of type [class org.springframework.web.servlet.resource.ResourceHttpRequestHandler]
[20190725 00:31:45.462[INFO] logback [main] o.s.w.s.m.m.a.ExceptionHandlerExceptionResolver ]:Detected @ExceptionHandler methods in exceptionHandler
[20190725 00:31:45.509[INFO] logback [main] o.s.b.a.w.s.WelcomePageHandlerMapping ]:Adding welcome page template: index
[20190725 00:31:46.905[INFO] logback [main] o.s.s.c.ThreadPoolTaskScheduler ]:Initializing ExecutorService 'taskScheduler'
[20190725 00:31:47.317[INFO] logback [main] o.s.c.s.DefaultLifecycleProcessor ]:Starting beans in phase 0
[20190725 00:31:47.318[INFO] logback [main] o.s.i.endpoint.EventDrivenConsumer ]:Adding {logging-channel-adapter:_org.springframework.integration.errorLogger} as a subscriber to the 'errorChannel' channel
[20190725 00:31:47.318[INFO] logback [main] o.s.i.c.PublishSubscribeChannel ]:Channel 'application.errorChannel' has 1 subscriber(s).
[20190725 00:31:47.318[INFO] logback [main] o.s.i.endpoint.EventDrivenConsumer ]:started _org.springframework.integration.errorLogger
[20190725 00:31:47.327[INFO] logback [main] dy.springboot.AopTests ]:Started AopTests in 6.826 seconds (JVM running for 7.887)
[20190725 00:31:47.373[INFO] logback [main] o.s.t.c.t.TransactionContext ]:Began transaction (1) for test context [DefaultTestContext@59474f18 testClass = AopTests, testInstance = dy.springboot.AopTests@7e94e331, testMethod = test4@AopTests, testException = [null], mergedContextConfiguration = [WebMergedContextConfiguration@65fb9ffc testClass = AopTests, locations = '{}', classes = '{class dy.springboot.demo1.BootApplication, class dy.springboot.demo1.BootApplication}', contextInitializerClasses = '[]', activeProfiles = '{}', propertySourceLocations = '{}', propertySourceProperties = '{org.springframework.boot.test.context.SpringBootTestContextBootstrapper=true}', contextCustomizers = set[org.springframework.boot.test.context.filter.ExcludeFilterContextCustomizer@78ac1102, org.springframework.boot.test.json.DuplicateJsonObjectContextCustomizerFactory$DuplicateJsonObjectContextCustomizer@a74868d, org.springframework.boot.test.mock.mockito.MockitoContextCustomizer@0, org.springframework.boot.test.web.client.TestRestTemplateContextCustomizer@646007f4, org.springframework.boot.test.autoconfigure.properties.PropertyMappingContextCustomizer@0, org.springframework.boot.test.autoconfigure.web.servlet.WebDriverContextCustomizerFactory$Customizer@17211155], resourceBasePath = 'src/main/webapp', contextLoader = 'org.springframework.boot.test.context.SpringBootContextLoader', parent = [null]], attributes = map['org.springframework.test.context.web.ServletTestExecutionListener.activateListener' -> true, 'org.springframework.test.context.web.ServletTestExecutionListener.populatedRequestContextHolder' -> true, 'org.springframework.test.context.web.ServletTestExecutionListener.resetRequestContextHolder' -> true]]; transaction manager [org.springframework.jdbc.datasource.DataSourceTransactionManager@78b0ec3a]; rollback [true]
[20190725 00:31:47.779[INFO] logback [main] o.s.t.c.t.TransactionContext ]:Rolled back transaction for test: [DefaultTestContext@59474f18 testClass = AopTests, testInstance = dy.springboot.AopTests@7e94e331, testMethod = test4@AopTests, testException = [null], mergedContextConfiguration = [WebMergedContextConfiguration@65fb9ffc testClass = AopTests, locations = '{}', classes = '{class dy.springboot.demo1.BootApplication, class dy.springboot.demo1.BootApplication}', contextInitializerClasses = '[]', activeProfiles = '{}', propertySourceLocations = '{}', propertySourceProperties = '{org.springframework.boot.test.context.SpringBootTestContextBootstrapper=true}', contextCustomizers = set[org.springframework.boot.test.context.filter.ExcludeFilterContextCustomizer@78ac1102, org.springframework.boot.test.json.DuplicateJsonObjectContextCustomizerFactory$DuplicateJsonObjectContextCustomizer@a74868d, org.springframework.boot.test.mock.mockito.MockitoContextCustomizer@0, org.springframework.boot.test.web.client.TestRestTemplateContextCustomizer@646007f4, org.springframework.boot.test.autoconfigure.properties.PropertyMappingContextCustomizer@0, org.springframework.boot.test.autoconfigure.web.servlet.WebDriverContextCustomizerFactory$Customizer@17211155], resourceBasePath = 'src/main/webapp', contextLoader = 'org.springframework.boot.test.context.SpringBootContextLoader', parent = [null]], attributes = map['org.springframework.test.context.web.ServletTestExecutionListener.activateListener' -> true, 'org.springframework.test.context.web.ServletTestExecutionListener.populatedRequestContextHolder' -> true, 'org.springframework.test.context.web.ServletTestExecutionListener.resetRequestContextHolder' -> true]]
[20190725 00:31:47.782[INFO] logback [Thread-2] o.s.w.c.s.GenericWebApplicationContext ]:Closing org.springframework.web.context.support.GenericWebApplicationContext@55c53a33: startup date [Thu Jul 25 00:31:41 CST 2019]; root of context hierarchy
[20190725 00:31:47.783[INFO] logback [Thread-2] o.s.c.s.DefaultLifecycleProcessor ]:Stopping beans in phase 0
[20190725 00:31:47.784[INFO] logback [Thread-2] o.s.i.endpoint.EventDrivenConsumer ]:Removing {logging-channel-adapter:_org.springframework.integration.errorLogger} as a subscriber to the 'errorChannel' channel
[20190725 00:31:47.784[INFO] logback [Thread-2] o.s.i.c.PublishSubscribeChannel ]:Channel 'application.errorChannel' has 0 subscriber(s).
[20190725 00:31:47.784[INFO] logback [Thread-2] o.s.i.endpoint.EventDrivenConsumer ]:stopped _org.springframework.integration.errorLogger
[20190725 00:31:47.786[INFO] logback [Thread-2] o.s.s.c.ThreadPoolTaskScheduler ]:Shutting down ExecutorService 'taskScheduler'
[20190725 00:31:47.800[INFO] logback [Thread-2] com.zaxxer.hikari.HikariDataSource ]:MyDataHikariCP - Shutdown initiated...
[20190725 00:31:47.806[INFO] logback [Thread-2] com.zaxxer.hikari.HikariDataSource ]:MyDataHikariCP - Shutdown completed.
[20190725 00:34:31.508[INFO] logback [main] dy.springboot.AopTests ]:Starting AopTests on hdy with PID 12724 (started by hdy in D:\ProgrammaSoftware\InteliJ IDEA\workspace2\springboot-demo-1)
[20190725 00:34:31.511[INFO] logback [main] dy.springboot.AopTests ]:No active profile set, falling back to default profiles: default
[20190725 00:34:31.544[INFO] logback [main] o.s.w.c.s.GenericWebApplicationContext ]:Refreshing org.springframework.web.context.support.GenericWebApplicationContext@53b7f657: startup date [Thu Jul 25 00:34:31 CST 2019]; root of context hierarchy
[20190725 00:34:32.785[INFO] logback [main] o.s.b.f.xml.XmlBeanDefinitionReader ]:Loading XML bean definitions from class path resource [mybean.xml]
[20190725 00:34:33.066[INFO] logback [main] o.s.d.r.c.RepositoryConfigurationDelegate ]:Multiple Spring Data modules found, entering strict repository configuration mode!
[20190725 00:34:33.133[INFO] logback [main] o.s.i.config.IntegrationRegistrar ]:No bean named 'integrationHeaderChannelRegistry' has been explicitly defined. Therefore, a default DefaultHeaderChannelRegistry will be created.
[20190725 00:34:33.460[INFO] logback [main] o.s.i.c.DefaultConfiguringBeanFactoryPostProcessor ]:No bean named 'errorChannel' has been explicitly defined. Therefore, a default PublishSubscribeChannel will be created.
[20190725 00:34:33.467[INFO] logback [main] o.s.i.c.DefaultConfiguringBeanFactoryPostProcessor ]:No bean named 'taskScheduler' has been explicitly defined. Therefore, a default ThreadPoolTaskScheduler will be created.
[20190725 00:34:33.698[INFO] logback [main] o.s.c.s.PostProcessorRegistrationDelegate$BeanPostProcessorChecker ]:Bean 'org.springframework.transaction.annotation.ProxyTransactionManagementConfiguration' of type [org.springframework.transaction.annotation.ProxyTransactionManagementConfiguration$$EnhancerBySpringCGLIB$$2deac71e] is not eligible for getting processed by all BeanPostProcessors (for example: not eligible for auto-proxying)
[20190725 00:34:33.859[INFO] logback [main] o.s.c.s.PostProcessorRegistrationDelegate$BeanPostProcessorChecker ]:Bean 'org.springframework.integration.config.IntegrationManagementConfiguration' of type [org.springframework.integration.config.IntegrationManagementConfiguration$$EnhancerBySpringCGLIB$$98dc824d] is not eligible for getting processed by all BeanPostProcessors (for example: not eligible for auto-proxying)
[20190725 00:34:34.371[INFO] logback [main] com.zaxxer.hikari.HikariDataSource ]:MyDataHikariCP - Starting...
[20190725 00:34:34.598[INFO] logback [main] com.zaxxer.hikari.HikariDataSource ]:MyDataHikariCP - Start completed.
[20190725 00:34:34.764[WARN] logback [main] c.b.m.core.toolkit.TableInfoHelper ]:Warn: Could not find @TableId in Class: dy.springboot.demo1.model.Student.
[20190725 00:34:35.332[INFO] logback [main] o.s.w.s.h.SimpleUrlHandlerMapping ]:Mapped URL path [/**/favicon.ico] onto handler of type [class org.springframework.web.servlet.resource.ResourceHttpRequestHandler]
[20190725 00:34:35.783[INFO] logback [main] o.s.w.s.m.m.a.RequestMappingHandlerAdapter ]:Looking for @ControllerAdvice: org.springframework.web.context.support.GenericWebApplicationContext@53b7f657: startup date [Thu Jul 25 00:34:31 CST 2019]; root of context hierarchy
[20190725 00:34:35.861[INFO] logback [main] o.s.w.s.m.m.a.RequestMappingHandlerMapping ]:Mapped "{[/hello]}" onto public java.lang.String dy.springboot.demo1.BootApplication.hello(java.lang.String)
[20190725 00:34:35.862[INFO] logback [main] o.s.w.s.m.m.a.RequestMappingHandlerMapping ]:Mapped "{[/]}" onto public java.lang.String dy.springboot.demo1.BootApplication.toIndex()
[20190725 00:34:35.863[INFO] logback [main] o.s.w.s.m.m.a.RequestMappingHandlerMapping ]:Mapped "{[/index]}" onto public java.lang.String dy.springboot.demo1.BootApplication.toIndex_()
[20190725 00:34:35.866[INFO] logback [main] o.s.w.s.m.m.a.RequestMappingHandlerMapping ]:Mapped "{[/demo/test2]}" onto public java.lang.String dy.springboot.demo1.controller.DemoController.test2(java.lang.String)
[20190725 00:34:35.866[INFO] logback [main] o.s.w.s.m.m.a.RequestMappingHandlerMapping ]:Mapped "{[/demo/test1]}" onto public java.lang.String dy.springboot.demo1.controller.DemoController.test1(java.lang.String)
[20190725 00:34:35.867[INFO] logback [main] o.s.w.s.m.m.a.RequestMappingHandlerMapping ]:Mapped "{[/demo/testMapper]}" onto public dy.springboot.demo1.vo.Msg dy.springboot.demo1.controller.DemoController.testMapper()
[20190725 00:34:35.867[INFO] logback [main] o.s.w.s.m.m.a.RequestMappingHandlerMapping ]:Mapped "{[/demo/testMybatisPlus]}" onto public dy.springboot.demo1.vo.Msg dy.springboot.demo1.controller.DemoController.testMyBatisPlus()
[20190725 00:34:35.867[INFO] logback [main] o.s.w.s.m.m.a.RequestMappingHandlerMapping ]:Mapped "{[/demo/first],methods=[GET]}" onto public java.util.Map<java.lang.String, java.lang.Object> dy.springboot.demo1.controller.DemoController.firstResp(javax.servlet.http.HttpServletRequest)
[20190725 00:34:35.868[INFO] logback [main] o.s.w.s.m.m.a.RequestMappingHandlerMapping ]:Mapped "{[/demo/sessions],methods=[GET]}" onto public java.lang.Object dy.springboot.demo1.controller.DemoController.sessions(javax.servlet.http.HttpServletRequest,javax.servlet.http.HttpSession)
[20190725 00:34:35.869[INFO] logback [main] o.s.w.s.m.m.a.RequestMappingHandlerMapping ]:Mapped "{[/login/doLogin]}" onto public java.lang.String dy.springboot.demo1.controller.LoginController.login(javax.servlet.http.HttpServletResponse,java.lang.String)
[20190725 00:34:35.869[INFO] logback [main] o.s.w.s.m.m.a.RequestMappingHandlerMapping ]:Mapped "{[/login/logout]}" onto public java.lang.String dy.springboot.demo1.controller.LoginController.logout(javax.servlet.http.HttpServletRequest,javax.servlet.http.HttpServletResponse)
[20190725 00:34:35.870[INFO] logback [main] o.s.w.s.m.m.a.RequestMappingHandlerMapping ]:Mapped "{[/login/validLogin]}" onto public java.lang.String dy.springboot.demo1.controller.LoginController.validLogin(javax.servlet.http.HttpServletRequest)
[20190725 00:34:35.872[INFO] logback [main] o.s.w.s.m.m.a.RequestMappingHandlerMapping ]:Mapped "{[/error]}" onto public org.springframework.http.ResponseEntity<java.util.Map<java.lang.String, java.lang.Object>> org.springframework.boot.autoconfigure.web.servlet.error.BasicErrorController.error(javax.servlet.http.HttpServletRequest)
[20190725 00:34:35.873[INFO] logback [main] o.s.w.s.m.m.a.RequestMappingHandlerMapping ]:Mapped "{[/error],produces=[text/html]}" onto public org.springframework.web.servlet.ModelAndView org.springframework.boot.autoconfigure.web.servlet.error.BasicErrorController.errorHtml(javax.servlet.http.HttpServletRequest,javax.servlet.http.HttpServletResponse)
[20190725 00:34:35.944[INFO] logback [main] o.s.w.s.h.SimpleUrlHandlerMapping ]:Mapped URL path [/webjars/**] onto handler of type [class org.springframework.web.servlet.resource.ResourceHttpRequestHandler]
[20190725 00:34:35.945[INFO] logback [main] o.s.w.s.h.SimpleUrlHandlerMapping ]:Mapped URL path [/**] onto handler of type [class org.springframework.web.servlet.resource.ResourceHttpRequestHandler]
[20190725 00:34:35.973[INFO] logback [main] o.s.w.s.m.m.a.ExceptionHandlerExceptionResolver ]:Detected @ExceptionHandler methods in exceptionHandler
[20190725 00:34:36.030[INFO] logback [main] o.s.b.a.w.s.WelcomePageHandlerMapping ]:Adding welcome page template: index
[20190725 00:34:37.813[INFO] logback [main] o.s.s.c.ThreadPoolTaskScheduler ]:Initializing ExecutorService 'taskScheduler'
[20190725 00:34:38.216[INFO] logback [main] o.s.c.s.DefaultLifecycleProcessor ]:Starting beans in phase 0
[20190725 00:34:38.216[INFO] logback [main] o.s.i.endpoint.EventDrivenConsumer ]:Adding {logging-channel-adapter:_org.springframework.integration.errorLogger} as a subscriber to the 'errorChannel' channel
[20190725 00:34:38.217[INFO] logback [main] o.s.i.c.PublishSubscribeChannel ]:Channel 'application.errorChannel' has 1 subscriber(s).
[20190725 00:34:38.217[INFO] logback [main] o.s.i.endpoint.EventDrivenConsumer ]:started _org.springframework.integration.errorLogger
[20190725 00:34:38.228[INFO] logback [main] dy.springboot.AopTests ]:Started AopTests in 7.289 seconds (JVM running for 8.552)
[20190725 00:34:38.267[INFO] logback [main] o.s.t.c.t.TransactionContext ]:Began transaction (1) for test context [DefaultTestContext@59474f18 testClass = AopTests, testInstance = dy.springboot.AopTests@539fc5d1, testMethod = test4@AopTests, testException = [null], mergedContextConfiguration = [WebMergedContextConfiguration@65fb9ffc testClass = AopTests, locations = '{}', classes = '{class dy.springboot.demo1.BootApplication, class dy.springboot.demo1.BootApplication}', contextInitializerClasses = '[]', activeProfiles = '{}', propertySourceLocations = '{}', propertySourceProperties = '{org.springframework.boot.test.context.SpringBootTestContextBootstrapper=true}', contextCustomizers = set[org.springframework.boot.test.context.filter.ExcludeFilterContextCustomizer@78ac1102, org.springframework.boot.test.json.DuplicateJsonObjectContextCustomizerFactory$DuplicateJsonObjectContextCustomizer@a74868d, org.springframework.boot.test.mock.mockito.MockitoContextCustomizer@0, org.springframework.boot.test.web.client.TestRestTemplateContextCustomizer@646007f4, org.springframework.boot.test.autoconfigure.properties.PropertyMappingContextCustomizer@0, org.springframework.boot.test.autoconfigure.web.servlet.WebDriverContextCustomizerFactory$Customizer@17211155], resourceBasePath = 'src/main/webapp', contextLoader = 'org.springframework.boot.test.context.SpringBootContextLoader', parent = [null]], attributes = map['org.springframework.test.context.web.ServletTestExecutionListener.activateListener' -> true, 'org.springframework.test.context.web.ServletTestExecutionListener.populatedRequestContextHolder' -> true, 'org.springframework.test.context.web.ServletTestExecutionListener.resetRequestContextHolder' -> true]]; transaction manager [org.springframework.jdbc.datasource.DataSourceTransactionManager@46612bfc]; rollback [true]
[20190725 00:34:38.521[INFO] logback [main] o.s.t.c.t.TransactionContext ]:Rolled back transaction for test: [DefaultTestContext@59474f18 testClass = AopTests, testInstance = dy.springboot.AopTests@539fc5d1, testMethod = test4@AopTests, testException = [null], mergedContextConfiguration = [WebMergedContextConfiguration@65fb9ffc testClass = AopTests, locations = '{}', classes = '{class dy.springboot.demo1.BootApplication, class dy.springboot.demo1.BootApplication}', contextInitializerClasses = '[]', activeProfiles = '{}', propertySourceLocations = '{}', propertySourceProperties = '{org.springframework.boot.test.context.SpringBootTestContextBootstrapper=true}', contextCustomizers = set[org.springframework.boot.test.context.filter.ExcludeFilterContextCustomizer@78ac1102, org.springframework.boot.test.json.DuplicateJsonObjectContextCustomizerFactory$DuplicateJsonObjectContextCustomizer@a74868d, org.springframework.boot.test.mock.mockito.MockitoContextCustomizer@0, org.springframework.boot.test.web.client.TestRestTemplateContextCustomizer@646007f4, org.springframework.boot.test.autoconfigure.properties.PropertyMappingContextCustomizer@0, org.springframework.boot.test.autoconfigure.web.servlet.WebDriverContextCustomizerFactory$Customizer@17211155], resourceBasePath = 'src/main/webapp', contextLoader = 'org.springframework.boot.test.context.SpringBootContextLoader', parent = [null]], attributes = map['org.springframework.test.context.web.ServletTestExecutionListener.activateListener' -> true, 'org.springframework.test.context.web.ServletTestExecutionListener.populatedRequestContextHolder' -> true, 'org.springframework.test.context.web.ServletTestExecutionListener.resetRequestContextHolder' -> true]]
[20190725 00:34:38.524[INFO] logback [Thread-2] o.s.w.c.s.GenericWebApplicationContext ]:Closing org.springframework.web.context.support.GenericWebApplicationContext@53b7f657: startup date [Thu Jul 25 00:34:31 CST 2019]; root of context hierarchy
[20190725 00:34:38.525[INFO] logback [Thread-2] o.s.c.s.DefaultLifecycleProcessor ]:Stopping beans in phase 0
[20190725 00:34:38.526[INFO] logback [Thread-2] o.s.i.endpoint.EventDrivenConsumer ]:Removing {logging-channel-adapter:_org.springframework.integration.errorLogger} as a subscriber to the 'errorChannel' channel
[20190725 00:34:38.526[INFO] logback [Thread-2] o.s.i.c.PublishSubscribeChannel ]:Channel 'application.errorChannel' has 0 subscriber(s).
[20190725 00:34:38.527[INFO] logback [Thread-2] o.s.i.endpoint.EventDrivenConsumer ]:stopped _org.springframework.integration.errorLogger
[20190725 00:34:38.528[INFO] logback [Thread-2] o.s.s.c.ThreadPoolTaskScheduler ]:Shutting down ExecutorService 'taskScheduler'
[20190725 00:34:38.542[INFO] logback [Thread-2] com.zaxxer.hikari.HikariDataSource ]:MyDataHikariCP - Shutdown initiated...
[20190725 00:34:38.546[INFO] logback [Thread-2] com.zaxxer.hikari.HikariDataSource ]:MyDataHikariCP - Shutdown completed.
[20190725 11:47:38.279[INFO] logback [main] dy.springboot.demo1.BootApplication ]:Starting BootApplication on hdy with PID 4152 (started by hdy in D:\ProgrammaSoftware\InteliJ IDEA\workspace2\springboot-demo-1)
[20190725 11:47:38.478[INFO] logback [main] dy.springboot.demo1.BootApplication ]:No active profile set, falling back to default profiles: default
[20190725 11:47:38.535[INFO] logback [main] o.s.b.w.s.c.AnnotationConfigServletWebServerApplicationContext ]:Refreshing org.springframework.boot.web.servlet.context.AnnotationConfigServletWebServerApplicationContext@2d2ffcb7: startup date [Thu Jul 25 11:47:38 CST 2019]; root of context hierarchy
[20190725 11:47:39.445[INFO] logback [main] o.s.b.f.xml.XmlBeanDefinitionReader ]:Loading XML bean definitions from class path resource [mybean.xml]
[20190725 11:47:39.682[INFO] logback [main] o.s.d.r.c.RepositoryConfigurationDelegate ]:Multiple Spring Data modules found, entering strict repository configuration mode!
[20190725 11:47:39.754[INFO] logback [main] o.s.i.config.IntegrationRegistrar ]:No bean named 'integrationHeaderChannelRegistry' has been explicitly defined. Therefore, a default DefaultHeaderChannelRegistry will be created.
[20190725 11:47:39.995[INFO] logback [main] o.s.i.c.DefaultConfiguringBeanFactoryPostProcessor ]:No bean named 'errorChannel' has been explicitly defined. Therefore, a default PublishSubscribeChannel will be created.
[20190725 11:47:40.002[INFO] logback [main] o.s.i.c.DefaultConfiguringBeanFactoryPostProcessor ]:No bean named 'taskScheduler' has been explicitly defined. Therefore, a default ThreadPoolTaskScheduler will be created.
[20190725 11:47:40.155[INFO] logback [main] o.s.c.s.PostProcessorRegistrationDelegate$BeanPostProcessorChecker ]:Bean 'org.springframework.transaction.annotation.ProxyTransactionManagementConfiguration' of type [org.springframework.transaction.annotation.ProxyTransactionManagementConfiguration$$EnhancerBySpringCGLIB$$7901f927] is not eligible for getting processed by all BeanPostProcessors (for example: not eligible for auto-proxying)
[20190725 11:47:40.287[INFO] logback [main] o.s.c.s.PostProcessorRegistrationDelegate$BeanPostProcessorChecker ]:Bean 'org.springframework.integration.config.IntegrationManagementConfiguration' of type [org.springframework.integration.config.IntegrationManagementConfiguration$$EnhancerBySpringCGLIB$$e3f3b456] is not eligible for getting processed by all BeanPostProcessors (for example: not eligible for auto-proxying)
[20190725 11:47:40.834[INFO] logback [main] o.s.b.w.e.tomcat.TomcatWebServer ]:Tomcat initialized with port(s): 8080 (http)
[20190725 11:47:40.848[INFO] logback [main] o.a.coyote.http11.Http11NioProtocol ]:Initializing ProtocolHandler ["http-nio-8080"]
[20190725 11:47:40.862[INFO] logback [main] o.a.catalina.core.StandardService ]:Starting service [Tomcat]
[20190725 11:47:40.863[INFO] logback [main] o.a.catalina.core.StandardEngine ]:Starting Servlet Engine: Apache Tomcat/8.5.39
[20190725 11:47:40.867[INFO] logback [localhost-startStop-1] o.a.c.core.AprLifecycleListener ]:The APR based Apache Tomcat Native library which allows optimal performance in production environments was not found on the java.library.path: [C:\Program Files\Java\jdk1.8.0_171\bin;C:\WINDOWS\Sun\Java\bin;C:\WINDOWS\system32;C:\WINDOWS;D:\ProgrammaSoftware\Python\Python3.7\Scripts\;D:\ProgrammaSoftware\Python\Python3.7\;C:\Program Files (x86)\Common Files\Intel\Shared Libraries\redist\intel64\compiler;C:\Program Files (x86)\Common Files\Oracle\Java\javapath;C:\Program Files (x86)\Intel\Intel(R) Management Engine Components\iCLS\;C:\Program Files\Intel\Intel(R) Management Engine Components\iCLS\;C:\Windows\System32;C:\Windows;C:\Windows\System32\Wbem;C:\Windows\System32\WindowsPowerShell\v1.0\;C:\Program Files (x86)\Intel\Intel(R) Management Engine Components\DAL;C:\Program Files\Intel\Intel(R) Management Engine Components\DAL;C:\Program Files (x86)\Intel\Intel(R) Management Engine Components\IPT;C:\Program Files\Intel\Intel(R) Management Engine Components\IPT;C:\Program Files\Java\jre1.8.0_171;C:\Program Files\Java\jdk1.8.0_171;D:\ProgrammaSoftware\Apache Maven\apache-maven-3.5.3\bin;C:\WINDOWS\system32;C:\WINDOWS;C:\WINDOWS\System32\Wbem;C:\WINDOWS\System32\WindowsPowerShell\v1.0\;C:\WINDOWS\System32\OpenSSH\;C:\Program Files\Intel\WiFi\bin\;C:\Program Files\Common Files\Intel\WirelessCommon\;D:\ProgrammaSoftware\Git\cmd;C:\Program Files\NVIDIA Corporation\NVIDIA NvDLISR;D:\ProgrammaSoftware\erlang\erl9.3\bin;C:\Program Files (x86)\NVIDIA Corporation\PhysX\Common;D:\ProgrammaSoftware\zookeeper\zookeeper-3.4.13\bin;C:\Program Files\Java\jdk1.8.0_171\bin;C:\Program Files\Java\jre1.8.0_171\bin;C:\Program Files (x86)\Windows Kits\10\Windows Performance Toolkit\;C:\WINDOWS\system32;C:\WINDOWS;C:\WINDOWS\System32\Wbem;C:\WINDOWS\System32\WindowsPowerShell\v1.0\;C:\WINDOWS\System32\OpenSSH\;C:\Program Files\dotnet\;C:\Users\44824\AppData\Local\Microsoft\WindowsApps;C:\Program Files\Intel\WiFi\bin\;C:\Program Files\Common Files\Intel\WirelessCommon\;D:\ProgrammaSoftware\Python\PyCharm\PyCharm Edu 2018.3\bin;;C:\Windows\System32;;.]
[20190725 11:47:41.159[INFO] logback [localhost-startStop-1] org.apache.jasper.servlet.TldScanner ]:At least one JAR was scanned for TLDs yet contained no TLDs. Enable debug logging for this logger for a complete list of JARs that were scanned but no TLDs were found in them. Skipping unneeded JARs during scanning can improve startup time and JSP compilation time.
[20190725 11:47:41.167[INFO] logback [localhost-startStop-1] o.a.c.c.C.[Tomcat].[localhost].[/] ]:Initializing Spring embedded WebApplicationContext
[20190725 11:47:41.168[INFO] logback [localhost-startStop-1] o.s.web.context.ContextLoader ]:Root WebApplicationContext: initialization completed in 2633 ms
[20190725 11:47:41.238[INFO] logback [localhost-startStop-1] o.s.b.w.s.ServletRegistrationBean ]:Servlet dispatcherServlet mapped to [/]
[20190725 11:47:41.242[INFO] logback [localhost-startStop-1] o.s.b.w.s.FilterRegistrationBean ]:Mapping filter: 'characterEncodingFilter' to: [/*]
[20190725 11:47:41.243[INFO] logback [localhost-startStop-1] o.s.b.w.s.FilterRegistrationBean ]:Mapping filter: 'hiddenHttpMethodFilter' to: [/*]
[20190725 11:47:41.243[INFO] logback [localhost-startStop-1] o.s.b.w.s.FilterRegistrationBean ]:Mapping filter: 'httpPutFormContentFilter' to: [/*]
[20190725 11:47:41.243[INFO] logback [localhost-startStop-1] o.s.b.w.s.FilterRegistrationBean ]:Mapping filter: 'requestContextFilter' to: [/*]
[20190725 11:47:41.532[INFO] logback [main] com.zaxxer.hikari.HikariDataSource ]:MyDataHikariCP - Starting...
[20190725 11:47:41.675[INFO] logback [main] com.zaxxer.hikari.HikariDataSource ]:MyDataHikariCP - Start completed.
[20190725 11:47:42.082[WARN] logback [main] c.b.m.core.toolkit.TableInfoHelper ]:Warn: Could not find @TableId in Class: dy.springboot.demo1.model.Student.
[20190725 11:47:42.257[INFO] logback [main] o.s.w.s.h.SimpleUrlHandlerMapping ]:Mapped URL path [/**/favicon.ico] onto handler of type [class org.springframework.web.servlet.resource.ResourceHttpRequestHandler]
[20190725 11:47:42.593[INFO] logback [main] o.s.w.s.m.m.a.RequestMappingHandlerAdapter ]:Looking for @ControllerAdvice: org.springframework.boot.web.servlet.context.AnnotationConfigServletWebServerApplicationContext@2d2ffcb7: startup date [Thu Jul 25 11:47:38 CST 2019]; root of context hierarchy
[20190725 11:47:42.647[INFO] logback [main] o.s.w.s.m.m.a.RequestMappingHandlerMapping ]:Mapped "{[/hello]}" onto public java.lang.String dy.springboot.demo1.BootApplication.hello(java.lang.String)
[20190725 11:47:42.648[INFO] logback [main] o.s.w.s.m.m.a.RequestMappingHandlerMapping ]:Mapped "{[/]}" onto public java.lang.String dy.springboot.demo1.BootApplication.toIndex()
[20190725 11:47:42.648[INFO] logback [main] o.s.w.s.m.m.a.RequestMappingHandlerMapping ]:Mapped "{[/index]}" onto public java.lang.String dy.springboot.demo1.BootApplication.toIndex_()
[20190725 11:47:42.651[INFO] logback [main] o.s.w.s.m.m.a.RequestMappingHandlerMapping ]:Mapped "{[/demo/testMybatisPlus]}" onto public dy.springboot.demo1.vo.Msg dy.springboot.demo1.controller.DemoController.testMyBatisPlus()
[20190725 11:47:42.651[INFO] logback [main] o.s.w.s.m.m.a.RequestMappingHandlerMapping ]:Mapped "{[/demo/test1]}" onto public java.lang.String dy.springboot.demo1.controller.DemoController.test1(java.lang.String)
[20190725 11:47:42.652[INFO] logback [main] o.s.w.s.m.m.a.RequestMappingHandlerMapping ]:Mapped "{[/demo/sessions],methods=[GET]}" onto public java.lang.Object dy.springboot.demo1.controller.DemoController.sessions(javax.servlet.http.HttpServletRequest,javax.servlet.http.HttpSession)
[20190725 11:47:42.652[INFO] logback [main] o.s.w.s.m.m.a.RequestMappingHandlerMapping ]:Mapped "{[/demo/first],methods=[GET]}" onto public java.util.Map<java.lang.String, java.lang.Object> dy.springboot.demo1.controller.DemoController.firstResp(javax.servlet.http.HttpServletRequest)
[20190725 11:47:42.652[INFO] logback [main] o.s.w.s.m.m.a.RequestMappingHandlerMapping ]:Mapped "{[/demo/test2]}" onto public java.lang.String dy.springboot.demo1.controller.DemoController.test2(java.lang.String)
[20190725 11:47:42.652[INFO] logback [main] o.s.w.s.m.m.a.RequestMappingHandlerMapping ]:Mapped "{[/demo/testMapper]}" onto public dy.springboot.demo1.vo.Msg dy.springboot.demo1.controller.DemoController.testMapper()
[20190725 11:47:42.653[INFO] logback [main] o.s.w.s.m.m.a.RequestMappingHandlerMapping ]:Mapped "{[/login/doLogin]}" onto public java.lang.String dy.springboot.demo1.controller.LoginController.login(javax.servlet.http.HttpServletResponse,java.lang.String)
[20190725 11:47:42.654[INFO] logback [main] o.s.w.s.m.m.a.RequestMappingHandlerMapping ]:Mapped "{[/login/validLogin]}" onto public java.lang.String dy.springboot.demo1.controller.LoginController.validLogin(javax.servlet.http.HttpServletRequest)
[20190725 11:47:42.654[INFO] logback [main] o.s.w.s.m.m.a.RequestMappingHandlerMapping ]:Mapped "{[/login/logout]}" onto public java.lang.String dy.springboot.demo1.controller.LoginController.logout(javax.servlet.http.HttpServletRequest,javax.servlet.http.HttpServletResponse)
[20190725 11:47:42.656[INFO] logback [main] o.s.w.s.m.m.a.RequestMappingHandlerMapping ]:Mapped "{[/error]}" onto public org.springframework.http.ResponseEntity<java.util.Map<java.lang.String, java.lang.Object>> org.springframework.boot.autoconfigure.web.servlet.error.BasicErrorController.error(javax.servlet.http.HttpServletRequest)
[20190725 11:47:42.657[INFO] logback [main] o.s.w.s.m.m.a.RequestMappingHandlerMapping ]:Mapped "{[/error],produces=[text/html]}" onto public org.springframework.web.servlet.ModelAndView org.springframework.boot.autoconfigure.web.servlet.error.BasicErrorController.errorHtml(javax.servlet.http.HttpServletRequest,javax.servlet.http.HttpServletResponse)
[20190725 11:47:42.699[INFO] logback [main] o.s.w.s.h.SimpleUrlHandlerMapping ]:Mapped URL path [/webjars/**] onto handler of type [class org.springframework.web.servlet.resource.ResourceHttpRequestHandler]
[20190725 11:47:42.699[INFO] logback [main] o.s.w.s.h.SimpleUrlHandlerMapping ]:Mapped URL path [/**] onto handler of type [class org.springframework.web.servlet.resource.ResourceHttpRequestHandler]
[20190725 11:47:42.714[INFO] logback [main] o.s.w.s.m.m.a.ExceptionHandlerExceptionResolver ]:Detected @ExceptionHandler methods in exceptionHandler
[20190725 11:47:42.751[INFO] logback [main] o.s.b.a.w.s.WelcomePageHandlerMapping ]:Adding welcome page template: index
[20190725 11:47:43.410[INFO] logback [main] o.s.s.c.ThreadPoolTaskScheduler ]:Initializing ExecutorService 'taskScheduler'
[20190725 11:47:43.753[INFO] logback [main] o.s.j.e.a.AnnotationMBeanExporter ]:Registering beans for JMX exposure on startup
[20190725 11:47:43.754[INFO] logback [main] o.s.j.e.a.AnnotationMBeanExporter ]:Bean with name 'dataSource' has been autodetected for JMX exposure
[20190725 11:47:43.759[INFO] logback [main] o.s.j.e.a.AnnotationMBeanExporter ]:Located MBean 'dataSource': registering with JMX server as MBean [com.zaxxer.hikari:name=dataSource,type=HikariDataSource]
[20190725 11:47:43.768[INFO] logback [main] o.s.c.s.DefaultLifecycleProcessor ]:Starting beans in phase 0
[20190725 11:47:43.768[INFO] logback [main] o.s.i.endpoint.EventDrivenConsumer ]:Adding {logging-channel-adapter:_org.springframework.integration.errorLogger} as a subscriber to the 'errorChannel' channel
[20190725 11:47:43.768[INFO] logback [main] o.s.i.c.PublishSubscribeChannel ]:Channel 'application.errorChannel' has 1 subscriber(s).
[20190725 11:47:43.769[INFO] logback [main] o.s.i.endpoint.EventDrivenConsumer ]:started _org.springframework.integration.errorLogger
[20190725 11:47:43.776[INFO] logback [main] o.a.coyote.http11.Http11NioProtocol ]:Starting ProtocolHandler ["http-nio-8080"]
[20190725 11:47:43.784[INFO] logback [main] o.a.tomcat.util.net.NioSelectorPool ]:Using a shared selector for servlet write/read
[20190725 11:47:43.803[INFO] logback [main] o.s.b.w.e.tomcat.TomcatWebServer ]:Tomcat started on port(s): 8080 (http) with context path ''
[20190725 11:47:43.806[INFO] logback [main] dy.springboot.demo1.BootApplication ]:Started BootApplication in 6.332 seconds (JVM running for 8.421)
[20190725 11:48:01.417[INFO] logback [http-nio-8080-exec-1] o.a.c.c.C.[Tomcat].[localhost].[/] ]:Initializing Spring FrameworkServlet 'dispatcherServlet'
[20190725 11:48:01.417[INFO] logback [http-nio-8080-exec-1] o.s.web.servlet.DispatcherServlet ]:FrameworkServlet 'dispatcherServlet': initialization started
[20190725 11:48:01.446[INFO] logback [http-nio-8080-exec-1] o.s.web.servlet.DispatcherServlet ]:FrameworkServlet 'dispatcherServlet': initialization completed in 28 ms
[20190725 11:52:38.557[INFO] logback [main] dy.springboot.demo1.BootApplication ]:Starting BootApplication on hdy with PID 14128 (started by hdy in D:\ProgrammaSoftware\InteliJ IDEA\workspace2\springboot-demo-1)
[20190725 11:52:38.640[INFO] logback [main] dy.springboot.demo1.BootApplication ]:No active profile set, falling back to default profiles: default
[20190725 11:52:38.725[INFO] logback [main] o.s.b.w.s.c.AnnotationConfigServletWebServerApplicationContext ]:Refreshing org.springframework.boot.web.servlet.context.AnnotationConfigServletWebServerApplicationContext@291b4bf5: startup date [Thu Jul 25 11:52:38 CST 2019]; root of context hierarchy
[20190725 11:52:39.461[INFO] logback [main] o.s.b.f.xml.XmlBeanDefinitionReader ]:Loading XML bean definitions from class path resource [mybean.xml]
[20190725 11:52:39.704[INFO] logback [main] o.s.d.r.c.RepositoryConfigurationDelegate ]:Multiple Spring Data modules found, entering strict repository configuration mode!
[20190725 11:52:39.759[INFO] logback [main] o.s.i.config.IntegrationRegistrar ]:No bean named 'integrationHeaderChannelRegistry' has been explicitly defined. Therefore, a default DefaultHeaderChannelRegistry will be created.
[20190725 11:52:40.027[INFO] logback [main] o.s.i.c.DefaultConfiguringBeanFactoryPostProcessor ]:No bean named 'errorChannel' has been explicitly defined. Therefore, a default PublishSubscribeChannel will be created.
[20190725 11:52:40.038[INFO] logback [main] o.s.i.c.DefaultConfiguringBeanFactoryPostProcessor ]:No bean named 'taskScheduler' has been explicitly defined. Therefore, a default ThreadPoolTaskScheduler will be created.
[20190725 11:52:40.209[INFO] logback [main] o.s.c.s.PostProcessorRegistrationDelegate$BeanPostProcessorChecker ]:Bean 'org.springframework.transaction.annotation.ProxyTransactionManagementConfiguration' of type [org.springframework.transaction.annotation.ProxyTransactionManagementConfiguration$$EnhancerBySpringCGLIB$$89f84d6d] is not eligible for getting processed by all BeanPostProcessors (for example: not eligible for auto-proxying)
[20190725 11:52:40.332[INFO] logback [main] o.s.c.s.PostProcessorRegistrationDelegate$BeanPostProcessorChecker ]:Bean 'org.springframework.integration.config.IntegrationManagementConfiguration' of type [org.springframework.integration.config.IntegrationManagementConfiguration$$EnhancerBySpringCGLIB$$f4ea089c] is not eligible for getting processed by all BeanPostProcessors (for example: not eligible for auto-proxying)
[20190725 11:52:40.820[INFO] logback [main] o.s.b.w.e.tomcat.TomcatWebServer ]:Tomcat initialized with port(s): 8080 (http)
[20190725 11:52:40.833[INFO] logback [main] o.a.coyote.http11.Http11NioProtocol ]:Initializing ProtocolHandler ["http-nio-8080"]
[20190725 11:52:40.848[INFO] logback [main] o.a.catalina.core.StandardService ]:Starting service [Tomcat]
[20190725 11:52:40.848[INFO] logback [main] o.a.catalina.core.StandardEngine ]:Starting Servlet Engine: Apache Tomcat/8.5.39
[20190725 11:52:40.852[INFO] logback [localhost-startStop-1] o.a.c.core.AprLifecycleListener ]:The APR based Apache Tomcat Native library which allows optimal performance in production environments was not found on the java.library.path: [C:\Program Files\Java\jdk1.8.0_171\bin;C:\WINDOWS\Sun\Java\bin;C:\WINDOWS\system32;C:\WINDOWS;D:\ProgrammaSoftware\Python\Python3.7\Scripts\;D:\ProgrammaSoftware\Python\Python3.7\;C:\Program Files (x86)\Common Files\Intel\Shared Libraries\redist\intel64\compiler;C:\Program Files (x86)\Common Files\Oracle\Java\javapath;C:\Program Files (x86)\Intel\Intel(R) Management Engine Components\iCLS\;C:\Program Files\Intel\Intel(R) Management Engine Components\iCLS\;C:\Windows\System32;C:\Windows;C:\Windows\System32\Wbem;C:\Windows\System32\WindowsPowerShell\v1.0\;C:\Program Files (x86)\Intel\Intel(R) Management Engine Components\DAL;C:\Program Files\Intel\Intel(R) Management Engine Components\DAL;C:\Program Files (x86)\Intel\Intel(R) Management Engine Components\IPT;C:\Program Files\Intel\Intel(R) Management Engine Components\IPT;C:\Program Files\Java\jre1.8.0_171;C:\Program Files\Java\jdk1.8.0_171;D:\ProgrammaSoftware\Apache Maven\apache-maven-3.5.3\bin;C:\WINDOWS\system32;C:\WINDOWS;C:\WINDOWS\System32\Wbem;C:\WINDOWS\System32\WindowsPowerShell\v1.0\;C:\WINDOWS\System32\OpenSSH\;C:\Program Files\Intel\WiFi\bin\;C:\Program Files\Common Files\Intel\WirelessCommon\;D:\ProgrammaSoftware\Git\cmd;C:\Program Files\NVIDIA Corporation\NVIDIA NvDLISR;D:\ProgrammaSoftware\erlang\erl9.3\bin;C:\Program Files (x86)\NVIDIA Corporation\PhysX\Common;D:\ProgrammaSoftware\zookeeper\zookeeper-3.4.13\bin;C:\Program Files\Java\jdk1.8.0_171\bin;C:\Program Files\Java\jre1.8.0_171\bin;C:\Program Files (x86)\Windows Kits\10\Windows Performance Toolkit\;C:\WINDOWS\system32;C:\WINDOWS;C:\WINDOWS\System32\Wbem;C:\WINDOWS\System32\WindowsPowerShell\v1.0\;C:\WINDOWS\System32\OpenSSH\;C:\Program Files\dotnet\;C:\Users\44824\AppData\Local\Microsoft\WindowsApps;C:\Program Files\Intel\WiFi\bin\;C:\Program Files\Common Files\Intel\WirelessCommon\;D:\ProgrammaSoftware\Python\PyCharm\PyCharm Edu 2018.3\bin;;C:\Windows\System32;;.]
[20190725 11:52:41.089[INFO] logback [localhost-startStop-1] org.apache.jasper.servlet.TldScanner ]:At least one JAR was scanned for TLDs yet contained no TLDs. Enable debug logging for this logger for a complete list of JARs that were scanned but no TLDs were found in them. Skipping unneeded JARs during scanning can improve startup time and JSP compilation time.
[20190725 11:52:41.095[INFO] logback [localhost-startStop-1] o.a.c.c.C.[Tomcat].[localhost].[/] ]:Initializing Spring embedded WebApplicationContext
[20190725 11:52:41.095[INFO] logback [localhost-startStop-1] o.s.web.context.ContextLoader ]:Root WebApplicationContext: initialization completed in 2370 ms
[20190725 11:52:41.162[INFO] logback [localhost-startStop-1] o.s.b.w.s.ServletRegistrationBean ]:Servlet dispatcherServlet mapped to [/]
[20190725 11:52:41.166[INFO] logback [localhost-startStop-1] o.s.b.w.s.FilterRegistrationBean ]:Mapping filter: 'characterEncodingFilter' to: [/*]
[20190725 11:52:41.167[INFO] logback [localhost-startStop-1] o.s.b.w.s.FilterRegistrationBean ]:Mapping filter: 'hiddenHttpMethodFilter' to: [/*]
[20190725 11:52:41.167[INFO] logback [localhost-startStop-1] o.s.b.w.s.FilterRegistrationBean ]:Mapping filter: 'httpPutFormContentFilter' to: [/*]
[20190725 11:52:41.167[INFO] logback [localhost-startStop-1] o.s.b.w.s.FilterRegistrationBean ]:Mapping filter: 'requestContextFilter' to: [/*]
[20190725 11:52:41.413[INFO] logback [main] com.zaxxer.hikari.HikariDataSource ]:MyDataHikariCP - Starting...
[20190725 11:52:41.558[INFO] logback [main] com.zaxxer.hikari.HikariDataSource ]:MyDataHikariCP - Start completed.
[20190725 11:52:41.658[WARN] logback [main] c.b.m.core.toolkit.TableInfoHelper ]:Warn: Could not find @TableId in Class: dy.springboot.demo1.model.Student.
[20190725 11:52:41.833[INFO] logback [main] o.s.w.s.h.SimpleUrlHandlerMapping ]:Mapped URL path [/**/favicon.ico] onto handler of type [class org.springframework.web.servlet.resource.ResourceHttpRequestHandler]
[20190725 11:52:42.193[INFO] logback [main] o.s.w.s.m.m.a.RequestMappingHandlerAdapter ]:Looking for @ControllerAdvice: org.springframework.boot.web.servlet.context.AnnotationConfigServletWebServerApplicationContext@291b4bf5: startup date [Thu Jul 25 11:52:38 CST 2019]; root of context hierarchy
[20190725 11:52:42.240[INFO] logback [main] o.s.w.s.m.m.a.RequestMappingHandlerMapping ]:Mapped "{[/hello]}" onto public java.lang.String dy.springboot.demo1.BootApplication.hello(java.lang.String)
[20190725 11:52:42.241[INFO] logback [main] o.s.w.s.m.m.a.RequestMappingHandlerMapping ]:Mapped "{[/]}" onto public java.lang.String dy.springboot.demo1.BootApplication.toIndex()
[20190725 11:52:42.242[INFO] logback [main] o.s.w.s.m.m.a.RequestMappingHandlerMapping ]:Mapped "{[/index]}" onto public java.lang.String dy.springboot.demo1.BootApplication.toIndex_()
[20190725 11:52:42.244[INFO] logback [main] o.s.w.s.m.m.a.RequestMappingHandlerMapping ]:Mapped "{[/demo/test1]}" onto public java.lang.String dy.springboot.demo1.controller.DemoController.test1(java.lang.String)
[20190725 11:52:42.245[INFO] logback [main] o.s.w.s.m.m.a.RequestMappingHandlerMapping ]:Mapped "{[/demo/test2]}" onto public java.lang.String dy.springboot.demo1.controller.DemoController.test2(java.lang.String)
[20190725 11:52:42.245[INFO] logback [main] o.s.w.s.m.m.a.RequestMappingHandlerMapping ]:Mapped "{[/demo/sessions],methods=[GET]}" onto public java.lang.Object dy.springboot.demo1.controller.DemoController.sessions(javax.servlet.http.HttpServletRequest,javax.servlet.http.HttpSession)
[20190725 11:52:42.245[INFO] logback [main] o.s.w.s.m.m.a.RequestMappingHandlerMapping ]:Mapped "{[/demo/testMapper]}" onto public dy.springboot.demo1.vo.Msg dy.springboot.demo1.controller.DemoController.testMapper()
[20190725 11:52:42.245[INFO] logback [main] o.s.w.s.m.m.a.RequestMappingHandlerMapping ]:Mapped "{[/demo/testMybatisPlus]}" onto public dy.springboot.demo1.vo.Msg dy.springboot.demo1.controller.DemoController.testMyBatisPlus()
[20190725 11:52:42.246[INFO] logback [main] o.s.w.s.m.m.a.RequestMappingHandlerMapping ]:Mapped "{[/demo/first],methods=[GET]}" onto public java.util.Map<java.lang.String, java.lang.Object> dy.springboot.demo1.controller.DemoController.firstResp(javax.servlet.http.HttpServletRequest)
[20190725 11:52:42.246[INFO] logback [main] o.s.w.s.m.m.a.RequestMappingHandlerMapping ]:Mapped "{[/login/validLogin]}" onto public java.lang.String dy.springboot.demo1.controller.LoginController.validLogin(javax.servlet.http.HttpServletRequest)
[20190725 11:52:42.247[INFO] logback [main] o.s.w.s.m.m.a.RequestMappingHandlerMapping ]:Mapped "{[/login/logout]}" onto public java.lang.String dy.springboot.demo1.controller.LoginController.logout(javax.servlet.http.HttpServletRequest,javax.servlet.http.HttpServletResponse)
[20190725 11:52:42.247[INFO] logback [main] o.s.w.s.m.m.a.RequestMappingHandlerMapping ]:Mapped "{[/login/doLogin]}" onto public java.lang.String dy.springboot.demo1.controller.LoginController.login(javax.servlet.http.HttpServletResponse,java.lang.String)
[20190725 11:52:42.249[INFO] logback [main] o.s.w.s.m.m.a.RequestMappingHandlerMapping ]:Mapped "{[/error]}" onto public org.springframework.http.ResponseEntity<java.util.Map<java.lang.String, java.lang.Object>> org.springframework.boot.autoconfigure.web.servlet.error.BasicErrorController.error(javax.servlet.http.HttpServletRequest)
[20190725 11:52:42.249[INFO] logback [main] o.s.w.s.m.m.a.RequestMappingHandlerMapping ]:Mapped "{[/error],produces=[text/html]}" onto public org.springframework.web.servlet.ModelAndView org.springframework.boot.autoconfigure.web.servlet.error.BasicErrorController.errorHtml(javax.servlet.http.HttpServletRequest,javax.servlet.http.HttpServletResponse)
[20190725 11:52:42.299[INFO] logback [main] o.s.w.s.h.SimpleUrlHandlerMapping ]:Mapped URL path [/webjars/**] onto handler of type [class org.springframework.web.servlet.resource.ResourceHttpRequestHandler]
[20190725 11:52:42.299[INFO] logback [main] o.s.w.s.h.SimpleUrlHandlerMapping ]:Mapped URL path [/**] onto handler of type [class org.springframework.web.servlet.resource.ResourceHttpRequestHandler]
[20190725 11:52:42.320[INFO] logback [main] o.s.w.s.m.m.a.ExceptionHandlerExceptionResolver ]:Detected @ExceptionHandler methods in exceptionHandler
[20190725 11:52:42.363[INFO] logback [main] o.s.b.a.w.s.WelcomePageHandlerMapping ]:Adding welcome page template: index
[20190725 11:52:42.952[INFO] logback [main] o.s.s.c.ThreadPoolTaskScheduler ]:Initializing ExecutorService 'taskScheduler'
[20190725 11:52:43.259[INFO] logback [main] o.s.j.e.a.AnnotationMBeanExporter ]:Registering beans for JMX exposure on startup
[20190725 11:52:43.261[INFO] logback [main] o.s.j.e.a.AnnotationMBeanExporter ]:Bean with name 'dataSource' has been autodetected for JMX exposure
[20190725 11:52:43.267[INFO] logback [main] o.s.j.e.a.AnnotationMBeanExporter ]:Located MBean 'dataSource': registering with JMX server as MBean [com.zaxxer.hikari:name=dataSource,type=HikariDataSource]
[20190725 11:52:43.277[INFO] logback [main] o.s.c.s.DefaultLifecycleProcessor ]:Starting beans in phase 0
[20190725 11:52:43.278[INFO] logback [main] o.s.i.endpoint.EventDrivenConsumer ]:Adding {logging-channel-adapter:_org.springframework.integration.errorLogger} as a subscriber to the 'errorChannel' channel
[20190725 11:52:43.278[INFO] logback [main] o.s.i.c.PublishSubscribeChannel ]:Channel 'application.errorChannel' has 1 subscriber(s).
[20190725 11:52:43.278[INFO] logback [main] o.s.i.endpoint.EventDrivenConsumer ]:started _org.springframework.integration.errorLogger
[20190725 11:52:43.286[INFO] logback [main] o.a.coyote.http11.Http11NioProtocol ]:Starting ProtocolHandler ["http-nio-8080"]
[20190725 11:52:43.294[INFO] logback [main] o.a.tomcat.util.net.NioSelectorPool ]:Using a shared selector for servlet write/read
[20190725 11:52:43.312[INFO] logback [main] o.s.b.w.e.tomcat.TomcatWebServer ]:Tomcat started on port(s): 8080 (http) with context path ''
[20190725 11:52:43.315[INFO] logback [main] dy.springboot.demo1.BootApplication ]:Started BootApplication in 5.199 seconds (JVM running for 6.741)
[20190725 11:52:50.094[INFO] logback [http-nio-8080-exec-1] o.a.c.c.C.[Tomcat].[localhost].[/] ]:Initializing Spring FrameworkServlet 'dispatcherServlet'
[20190725 11:52:50.094[INFO] logback [http-nio-8080-exec-1] o.s.web.servlet.DispatcherServlet ]:FrameworkServlet 'dispatcherServlet': initialization started
[20190725 11:52:50.128[INFO] logback [http-nio-8080-exec-1] o.s.web.servlet.DispatcherServlet ]:FrameworkServlet 'dispatcherServlet': initialization completed in 31 ms
