[20190731 22:18:28.484[INFO] logback [main] dy.springboot.demo1.BootApplication ]:Starting BootApplication on hdy with PID 2684 (started by hdy in D:\ProgrammaSoftware\InteliJ IDEA\workspace2\springboot-demo-1)
[20190731 22:18:28.492[INFO] logback [main] dy.springboot.demo1.BootApplication ]:No active profile set, falling back to default profiles: default
[20190731 22:18:28.617[INFO] logback [main] o.s.b.w.s.c.AnnotationConfigServletWebServerApplicationContext ]:Refreshing org.springframework.boot.web.servlet.context.AnnotationConfigServletWebServerApplicationContext@68e5eea7: startup date [Wed Jul 31 22:18:28 CST 2019]; root of context hierarchy
[20190731 22:18:29.495[INFO] logback [main] o.s.b.f.xml.XmlBeanDefinitionReader ]:Loading XML bean definitions from class path resource [mybean.xml]
[20190731 22:18:29.833[INFO] logback [main] o.s.d.r.c.RepositoryConfigurationDelegate ]:Multiple Spring Data modules found, entering strict repository configuration mode!
[20190731 22:18:29.905[INFO] logback [main] o.s.i.config.IntegrationRegistrar ]:No bean named 'integrationHeaderChannelRegistry' has been explicitly defined. Therefore, a default DefaultHeaderChannelRegistry will be created.
[20190731 22:18:30.436[INFO] logback [main] o.s.i.c.DefaultConfiguringBeanFactoryPostProcessor ]:No bean named 'errorChannel' has been explicitly defined. Therefore, a default PublishSubscribeChannel will be created.
[20190731 22:18:30.457[INFO] logback [main] o.s.i.c.DefaultConfiguringBeanFactoryPostProcessor ]:No bean named 'taskScheduler' has been explicitly defined. Therefore, a default ThreadPoolTaskScheduler will be created.
[20190731 22:18:30.861[INFO] logback [main] o.s.c.s.PostProcessorRegistrationDelegate$BeanPostProcessorChecker ]:Bean 'org.springframework.transaction.annotation.ProxyTransactionManagementConfiguration' of type [org.springframework.transaction.annotation.ProxyTransactionManagementConfiguration$$EnhancerBySpringCGLIB$$6979ab71] is not eligible for getting processed by all BeanPostProcessors (for example: not eligible for auto-proxying)
[20190731 22:18:31.136[INFO] logback [main] o.s.c.s.PostProcessorRegistrationDelegate$BeanPostProcessorChecker ]:Bean 'org.springframework.integration.config.IntegrationManagementConfiguration' of type [org.springframework.integration.config.IntegrationManagementConfiguration$$EnhancerBySpringCGLIB$$d46b66a0] is not eligible for getting processed by all BeanPostProcessors (for example: not eligible for auto-proxying)
[20190731 22:18:32.086[INFO] logback [main] o.s.b.w.e.tomcat.TomcatWebServer ]:Tomcat initialized with port(s): 8080 (http)
[20190731 22:18:32.099[INFO] logback [main] o.a.coyote.http11.Http11NioProtocol ]:Initializing ProtocolHandler ["http-nio-8080"]
[20190731 22:18:32.113[INFO] logback [main] o.a.catalina.core.StandardService ]:Starting service [Tomcat]
[20190731 22:18:32.113[INFO] logback [main] o.a.catalina.core.StandardEngine ]:Starting Servlet Engine: Apache Tomcat/8.5.39
[20190731 22:18:32.117[INFO] logback [localhost-startStop-1] o.a.c.core.AprLifecycleListener ]:The APR based Apache Tomcat Native library which allows optimal performance in production environments was not found on the java.library.path: [C:\Program Files\Java\jdk1.8.0_171\bin;C:\WINDOWS\Sun\Java\bin;C:\WINDOWS\system32;C:\WINDOWS;D:\ProgrammaSoftware\Python\Python3.7\Scripts\;D:\ProgrammaSoftware\Python\Python3.7\;C:\Program Files (x86)\Common Files\Intel\Shared Libraries\redist\intel64\compiler;C:\Program Files (x86)\Common Files\Oracle\Java\javapath;C:\Program Files (x86)\Intel\Intel(R) Management Engine Components\iCLS\;C:\Program Files\Intel\Intel(R) Management Engine Components\iCLS\;C:\Windows\System32;C:\Windows;C:\Windows\System32\Wbem;C:\Windows\System32\WindowsPowerShell\v1.0\;C:\Program Files (x86)\Intel\Intel(R) Management Engine Components\DAL;C:\Program Files\Intel\Intel(R) Management Engine Components\DAL;C:\Program Files (x86)\Intel\Intel(R) Management Engine Components\IPT;C:\Program Files\Intel\Intel(R) Management Engine Components\IPT;C:\Program Files\Java\jre1.8.0_171;C:\Program Files\Java\jdk1.8.0_171;D:\ProgrammaSoftware\Apache Maven\apache-maven-3.5.3\bin;C:\WINDOWS\system32;C:\WINDOWS;C:\WINDOWS\System32\Wbem;C:\WINDOWS\System32\WindowsPowerShell\v1.0\;C:\WINDOWS\System32\OpenSSH\;C:\Program Files\Intel\WiFi\bin\;C:\Program Files\Common Files\Intel\WirelessCommon\;D:\ProgrammaSoftware\Git\cmd;C:\Program Files\NVIDIA Corporation\NVIDIA NvDLISR;D:\ProgrammaSoftware\erlang\erl9.3\bin;C:\Program Files (x86)\NVIDIA Corporation\PhysX\Common;D:\ProgrammaSoftware\zookeeper\zookeeper-3.4.13\bin;C:\Program Files\Java\jdk1.8.0_171\bin;C:\Program Files\Java\jre1.8.0_171\bin;C:\Program Files (x86)\Windows Kits\10\Windows Performance Toolkit\;C:\WINDOWS\system32;C:\WINDOWS;C:\WINDOWS\System32\Wbem;C:\WINDOWS\System32\WindowsPowerShell\v1.0\;C:\WINDOWS\System32\OpenSSH\;C:\Program Files\dotnet\;C:\Users\44824\AppData\Local\Microsoft\WindowsApps;C:\Program Files\Intel\WiFi\bin\;C:\Program Files\Common Files\Intel\WirelessCommon\;D:\ProgrammaSoftware\Python\PyCharm\PyCharm Edu 2018.3\bin;;C:\Windows\System32;;.]
[20190731 22:18:32.480[INFO] logback [localhost-startStop-1] org.apache.jasper.servlet.TldScanner ]:At least one JAR was scanned for TLDs yet contained no TLDs. Enable debug logging for this logger for a complete list of JARs that were scanned but no TLDs were found in them. Skipping unneeded JARs during scanning can improve startup time and JSP compilation time.
[20190731 22:18:32.487[INFO] logback [localhost-startStop-1] o.a.c.c.C.[Tomcat].[localhost].[/] ]:Initializing Spring embedded WebApplicationContext
[20190731 22:18:32.487[INFO] logback [localhost-startStop-1] o.s.web.context.ContextLoader ]:Root WebApplicationContext: initialization completed in 3870 ms
[20190731 22:18:32.558[INFO] logback [localhost-startStop-1] o.s.b.w.s.ServletRegistrationBean ]:Servlet dispatcherServlet mapped to [/]
[20190731 22:18:32.562[INFO] logback [localhost-startStop-1] o.s.b.w.s.FilterRegistrationBean ]:Mapping filter: 'characterEncodingFilter' to: [/*]
[20190731 22:18:32.562[INFO] logback [localhost-startStop-1] o.s.b.w.s.FilterRegistrationBean ]:Mapping filter: 'hiddenHttpMethodFilter' to: [/*]
[20190731 22:18:32.563[INFO] logback [localhost-startStop-1] o.s.b.w.s.FilterRegistrationBean ]:Mapping filter: 'httpPutFormContentFilter' to: [/*]
[20190731 22:18:32.563[INFO] logback [localhost-startStop-1] o.s.b.w.s.FilterRegistrationBean ]:Mapping filter: 'requestContextFilter' to: [/*]
[20190731 22:18:32.814[INFO] logback [main] com.zaxxer.hikari.HikariDataSource ]:MyDataHikariCP - Starting...
[20190731 22:18:33.136[INFO] logback [main] com.zaxxer.hikari.HikariDataSource ]:MyDataHikariCP - Start completed.
[20190731 22:18:33.435[INFO] logback [main] o.s.w.s.h.SimpleUrlHandlerMapping ]:Mapped URL path [/**/favicon.ico] onto handler of type [class org.springframework.web.servlet.resource.ResourceHttpRequestHandler]
[20190731 22:18:33.742[INFO] logback [main] o.s.w.s.m.m.a.RequestMappingHandlerAdapter ]:Looking for @ControllerAdvice: org.springframework.boot.web.servlet.context.AnnotationConfigServletWebServerApplicationContext@68e5eea7: startup date [Wed Jul 31 22:18:28 CST 2019]; root of context hierarchy
[20190731 22:18:33.793[INFO] logback [main] o.s.w.s.m.m.a.RequestMappingHandlerMapping ]:Mapped "{[/]}" onto public java.lang.String dy.springboot.demo1.BootApplication.toIndex()
[20190731 22:18:33.795[INFO] logback [main] o.s.w.s.m.m.a.RequestMappingHandlerMapping ]:Mapped "{[/hello]}" onto public java.lang.String dy.springboot.demo1.BootApplication.hello(java.lang.String)
[20190731 22:18:33.795[INFO] logback [main] o.s.w.s.m.m.a.RequestMappingHandlerMapping ]:Mapped "{[/index]}" onto public java.lang.String dy.springboot.demo1.BootApplication.toIndex_()
[20190731 22:18:33.796[INFO] logback [main] o.s.w.s.m.m.a.RequestMappingHandlerMapping ]:Mapped "{[/error]}" onto public dy.springboot.demo1.vo.Msg dy.springboot.demo1.controller.AppErrorController.error()
[20190731 22:18:33.799[INFO] logback [main] o.s.w.s.m.m.a.RequestMappingHandlerMapping ]:Mapped "{[/demo/test1]}" onto public java.lang.String dy.springboot.demo1.controller.DemoController.test1(java.lang.String)
[20190731 22:18:33.799[INFO] logback [main] o.s.w.s.m.m.a.RequestMappingHandlerMapping ]:Mapped "{[/demo/testMybatisPlus]}" onto public dy.springboot.demo1.vo.Msg dy.springboot.demo1.controller.DemoController.testMyBatisPlus()
[20190731 22:18:33.800[INFO] logback [main] o.s.w.s.m.m.a.RequestMappingHandlerMapping ]:Mapped "{[/demo/testMapper]}" onto public dy.springboot.demo1.vo.Msg dy.springboot.demo1.controller.DemoController.testMapper()
[20190731 22:18:33.800[INFO] logback [main] o.s.w.s.m.m.a.RequestMappingHandlerMapping ]:Mapped "{[/demo/test2]}" onto public java.lang.String dy.springboot.demo1.controller.DemoController.test2(java.lang.String)
[20190731 22:18:33.800[INFO] logback [main] o.s.w.s.m.m.a.RequestMappingHandlerMapping ]:Mapped "{[/demo/first],methods=[GET]}" onto public java.util.Map<java.lang.String, java.lang.Object> dy.springboot.demo1.controller.DemoController.firstResp(javax.servlet.http.HttpServletRequest)
[20190731 22:18:33.800[INFO] logback [main] o.s.w.s.m.m.a.RequestMappingHandlerMapping ]:Mapped "{[/demo/sessions],methods=[GET]}" onto public java.lang.Object dy.springboot.demo1.controller.DemoController.sessions(javax.servlet.http.HttpServletRequest,javax.servlet.http.HttpSession)
[20190731 22:18:33.801[INFO] logback [main] o.s.w.s.m.m.a.RequestMappingHandlerMapping ]:Mapped "{[/login/validLogin]}" onto public java.lang.String dy.springboot.demo1.controller.LoginController.validLogin(javax.servlet.http.HttpServletRequest)
[20190731 22:18:33.801[INFO] logback [main] o.s.w.s.m.m.a.RequestMappingHandlerMapping ]:Mapped "{[/login/logout]}" onto public java.lang.String dy.springboot.demo1.controller.LoginController.logout(javax.servlet.http.HttpServletRequest,javax.servlet.http.HttpServletResponse)
[20190731 22:18:33.802[INFO] logback [main] o.s.w.s.m.m.a.RequestMappingHandlerMapping ]:Mapped "{[/login/doLogin]}" onto public java.lang.String dy.springboot.demo1.controller.LoginController.login(javax.servlet.http.HttpServletResponse,java.lang.String)
[20190731 22:18:33.842[INFO] logback [main] o.s.w.s.h.SimpleUrlHandlerMapping ]:Mapped URL path [/webjars/**] onto handler of type [class org.springframework.web.servlet.resource.ResourceHttpRequestHandler]
[20190731 22:18:33.842[INFO] logback [main] o.s.w.s.h.SimpleUrlHandlerMapping ]:Mapped URL path [/**] onto handler of type [class org.springframework.web.servlet.resource.ResourceHttpRequestHandler]
[20190731 22:18:33.858[INFO] logback [main] o.s.w.s.m.m.a.ExceptionHandlerExceptionResolver ]:Detected @ExceptionHandler methods in exceptionHandler
[20190731 22:18:33.902[INFO] logback [main] o.s.b.a.w.s.WelcomePageHandlerMapping ]:Adding welcome page template: index
[20190731 22:18:34.465[INFO] logback [main] o.s.s.c.ThreadPoolTaskScheduler ]:Initializing ExecutorService 'taskScheduler'
[20190731 22:18:34.833[INFO] logback [main] o.s.j.e.a.AnnotationMBeanExporter ]:Registering beans for JMX exposure on startup
[20190731 22:18:34.834[INFO] logback [main] o.s.j.e.a.AnnotationMBeanExporter ]:Bean with name 'dataSource' has been autodetected for JMX exposure
[20190731 22:18:34.839[INFO] logback [main] o.s.j.e.a.AnnotationMBeanExporter ]:Located MBean 'dataSource': registering with JMX server as MBean [com.zaxxer.hikari:name=dataSource,type=HikariDataSource]
[20190731 22:18:34.848[INFO] logback [main] o.s.c.s.DefaultLifecycleProcessor ]:Starting beans in phase 0
[20190731 22:18:34.848[INFO] logback [main] o.s.i.endpoint.EventDrivenConsumer ]:Adding {logging-channel-adapter:_org.springframework.integration.errorLogger} as a subscriber to the 'errorChannel' channel
[20190731 22:18:34.849[INFO] logback [main] o.s.i.c.PublishSubscribeChannel ]:Channel 'application.errorChannel' has 1 subscriber(s).
[20190731 22:18:34.849[INFO] logback [main] o.s.i.endpoint.EventDrivenConsumer ]:started _org.springframework.integration.errorLogger
[20190731 22:18:34.856[INFO] logback [main] o.a.coyote.http11.Http11NioProtocol ]:Starting ProtocolHandler ["http-nio-8080"]
[20190731 22:18:34.866[INFO] logback [main] o.a.tomcat.util.net.NioSelectorPool ]:Using a shared selector for servlet write/read
[20190731 22:18:34.887[INFO] logback [main] o.s.b.w.e.tomcat.TomcatWebServer ]:Tomcat started on port(s): 8080 (http) with context path ''
[20190731 22:18:34.890[INFO] logback [main] dy.springboot.demo1.BootApplication ]:Started BootApplication in 6.891 seconds (JVM running for 9.25)
[20190731 22:18:41.047[INFO] logback [http-nio-8080-exec-1] o.a.c.c.C.[Tomcat].[localhost].[/] ]:Initializing Spring FrameworkServlet 'dispatcherServlet'
[20190731 22:18:41.048[INFO] logback [http-nio-8080-exec-1] o.s.web.servlet.DispatcherServlet ]:FrameworkServlet 'dispatcherServlet': initialization started
[20190731 22:18:41.074[INFO] logback [http-nio-8080-exec-1] o.s.web.servlet.DispatcherServlet ]:FrameworkServlet 'dispatcherServlet': initialization completed in 26 ms
[20190731 22:19:59.784[INFO] logback [main] dy.springboot.demo1.BootApplication ]:Starting BootApplication on hdy with PID 9984 (started by hdy in D:\ProgrammaSoftware\InteliJ IDEA\workspace2\springboot-demo-1)
[20190731 22:19:59.788[INFO] logback [main] dy.springboot.demo1.BootApplication ]:No active profile set, falling back to default profiles: default
[20190731 22:19:59.876[INFO] logback [main] o.s.b.w.s.c.AnnotationConfigServletWebServerApplicationContext ]:Refreshing org.springframework.boot.web.servlet.context.AnnotationConfigServletWebServerApplicationContext@68e5eea7: startup date [Wed Jul 31 22:19:59 CST 2019]; root of context hierarchy
[20190731 22:20:00.350[INFO] logback [main] o.s.b.f.xml.XmlBeanDefinitionReader ]:Loading XML bean definitions from class path resource [mybean.xml]
[20190731 22:20:00.535[INFO] logback [main] o.s.d.r.c.RepositoryConfigurationDelegate ]:Multiple Spring Data modules found, entering strict repository configuration mode!
[20190731 22:20:00.591[INFO] logback [main] o.s.i.config.IntegrationRegistrar ]:No bean named 'integrationHeaderChannelRegistry' has been explicitly defined. Therefore, a default DefaultHeaderChannelRegistry will be created.
[20190731 22:20:00.782[INFO] logback [main] o.s.i.c.DefaultConfiguringBeanFactoryPostProcessor ]:No bean named 'errorChannel' has been explicitly defined. Therefore, a default PublishSubscribeChannel will be created.
[20190731 22:20:00.788[INFO] logback [main] o.s.i.c.DefaultConfiguringBeanFactoryPostProcessor ]:No bean named 'taskScheduler' has been explicitly defined. Therefore, a default ThreadPoolTaskScheduler will be created.
[20190731 22:20:00.926[INFO] logback [main] o.s.c.s.PostProcessorRegistrationDelegate$BeanPostProcessorChecker ]:Bean 'org.springframework.transaction.annotation.ProxyTransactionManagementConfiguration' of type [org.springframework.transaction.annotation.ProxyTransactionManagementConfiguration$$EnhancerBySpringCGLIB$$b4dbe369] is not eligible for getting processed by all BeanPostProcessors (for example: not eligible for auto-proxying)
[20190731 22:20:01.042[INFO] logback [main] o.s.c.s.PostProcessorRegistrationDelegate$BeanPostProcessorChecker ]:Bean 'org.springframework.integration.config.IntegrationManagementConfiguration' of type [org.springframework.integration.config.IntegrationManagementConfiguration$$EnhancerBySpringCGLIB$$1fcd9e98] is not eligible for getting processed by all BeanPostProcessors (for example: not eligible for auto-proxying)
[20190731 22:20:01.515[INFO] logback [main] o.s.b.w.e.tomcat.TomcatWebServer ]:Tomcat initialized with port(s): 8080 (http)
[20190731 22:20:01.526[INFO] logback [main] o.a.coyote.http11.Http11NioProtocol ]:Initializing ProtocolHandler ["http-nio-8080"]
[20190731 22:20:01.539[INFO] logback [main] o.a.catalina.core.StandardService ]:Starting service [Tomcat]
[20190731 22:20:01.539[INFO] logback [main] o.a.catalina.core.StandardEngine ]:Starting Servlet Engine: Apache Tomcat/8.5.39
[20190731 22:20:01.543[INFO] logback [localhost-startStop-1] o.a.c.core.AprLifecycleListener ]:The APR based Apache Tomcat Native library which allows optimal performance in production environments was not found on the java.library.path: [C:\Program Files\Java\jdk1.8.0_171\bin;C:\WINDOWS\Sun\Java\bin;C:\WINDOWS\system32;C:\WINDOWS;D:\ProgrammaSoftware\Python\Python3.7\Scripts\;D:\ProgrammaSoftware\Python\Python3.7\;C:\Program Files (x86)\Common Files\Intel\Shared Libraries\redist\intel64\compiler;C:\Program Files (x86)\Common Files\Oracle\Java\javapath;C:\Program Files (x86)\Intel\Intel(R) Management Engine Components\iCLS\;C:\Program Files\Intel\Intel(R) Management Engine Components\iCLS\;C:\Windows\System32;C:\Windows;C:\Windows\System32\Wbem;C:\Windows\System32\WindowsPowerShell\v1.0\;C:\Program Files (x86)\Intel\Intel(R) Management Engine Components\DAL;C:\Program Files\Intel\Intel(R) Management Engine Components\DAL;C:\Program Files (x86)\Intel\Intel(R) Management Engine Components\IPT;C:\Program Files\Intel\Intel(R) Management Engine Components\IPT;C:\Program Files\Java\jre1.8.0_171;C:\Program Files\Java\jdk1.8.0_171;D:\ProgrammaSoftware\Apache Maven\apache-maven-3.5.3\bin;C:\WINDOWS\system32;C:\WINDOWS;C:\WINDOWS\System32\Wbem;C:\WINDOWS\System32\WindowsPowerShell\v1.0\;C:\WINDOWS\System32\OpenSSH\;C:\Program Files\Intel\WiFi\bin\;C:\Program Files\Common Files\Intel\WirelessCommon\;D:\ProgrammaSoftware\Git\cmd;C:\Program Files\NVIDIA Corporation\NVIDIA NvDLISR;D:\ProgrammaSoftware\erlang\erl9.3\bin;C:\Program Files (x86)\NVIDIA Corporation\PhysX\Common;D:\ProgrammaSoftware\zookeeper\zookeeper-3.4.13\bin;C:\Program Files\Java\jdk1.8.0_171\bin;C:\Program Files\Java\jre1.8.0_171\bin;C:\Program Files (x86)\Windows Kits\10\Windows Performance Toolkit\;C:\WINDOWS\system32;C:\WINDOWS;C:\WINDOWS\System32\Wbem;C:\WINDOWS\System32\WindowsPowerShell\v1.0\;C:\WINDOWS\System32\OpenSSH\;C:\Program Files\dotnet\;C:\Users\44824\AppData\Local\Microsoft\WindowsApps;C:\Program Files\Intel\WiFi\bin\;C:\Program Files\Common Files\Intel\WirelessCommon\;D:\ProgrammaSoftware\Python\PyCharm\PyCharm Edu 2018.3\bin;;C:\Windows\System32;;.]
[20190731 22:20:01.804[INFO] logback [localhost-startStop-1] org.apache.jasper.servlet.TldScanner ]:At least one JAR was scanned for TLDs yet contained no TLDs. Enable debug logging for this logger for a complete list of JARs that were scanned but no TLDs were found in them. Skipping unneeded JARs during scanning can improve startup time and JSP compilation time.
[20190731 22:20:01.810[INFO] logback [localhost-startStop-1] o.a.c.c.C.[Tomcat].[localhost].[/] ]:Initializing Spring embedded WebApplicationContext
[20190731 22:20:01.810[INFO] logback [localhost-startStop-1] o.s.web.context.ContextLoader ]:Root WebApplicationContext: initialization completed in 1934 ms
[20190731 22:20:01.879[INFO] logback [localhost-startStop-1] o.s.b.w.s.ServletRegistrationBean ]:Servlet dispatcherServlet mapped to [/]
[20190731 22:20:01.883[INFO] logback [localhost-startStop-1] o.s.b.w.s.FilterRegistrationBean ]:Mapping filter: 'characterEncodingFilter' to: [/*]
[20190731 22:20:01.883[INFO] logback [localhost-startStop-1] o.s.b.w.s.FilterRegistrationBean ]:Mapping filter: 'hiddenHttpMethodFilter' to: [/*]
[20190731 22:20:01.883[INFO] logback [localhost-startStop-1] o.s.b.w.s.FilterRegistrationBean ]:Mapping filter: 'httpPutFormContentFilter' to: [/*]
[20190731 22:20:01.883[INFO] logback [localhost-startStop-1] o.s.b.w.s.FilterRegistrationBean ]:Mapping filter: 'requestContextFilter' to: [/*]
[20190731 22:20:02.127[INFO] logback [main] com.zaxxer.hikari.HikariDataSource ]:MyDataHikariCP - Starting...
[20190731 22:20:02.270[INFO] logback [main] com.zaxxer.hikari.HikariDataSource ]:MyDataHikariCP - Start completed.
[20190731 22:20:02.488[INFO] logback [main] o.s.w.s.h.SimpleUrlHandlerMapping ]:Mapped URL path [/**/favicon.ico] onto handler of type [class org.springframework.web.servlet.resource.ResourceHttpRequestHandler]
[20190731 22:20:02.769[INFO] logback [main] o.s.w.s.m.m.a.RequestMappingHandlerAdapter ]:Looking for @ControllerAdvice: org.springframework.boot.web.servlet.context.AnnotationConfigServletWebServerApplicationContext@68e5eea7: startup date [Wed Jul 31 22:19:59 CST 2019]; root of context hierarchy
[20190731 22:20:02.815[INFO] logback [main] o.s.w.s.m.m.a.RequestMappingHandlerMapping ]:Mapped "{[/]}" onto public java.lang.String dy.springboot.demo1.BootApplication.toIndex()
[20190731 22:20:02.817[INFO] logback [main] o.s.w.s.m.m.a.RequestMappingHandlerMapping ]:Mapped "{[/hello]}" onto public java.lang.String dy.springboot.demo1.BootApplication.hello(java.lang.String)
[20190731 22:20:02.818[INFO] logback [main] o.s.w.s.m.m.a.RequestMappingHandlerMapping ]:Mapped "{[/index]}" onto public java.lang.String dy.springboot.demo1.BootApplication.toIndex_()
[20190731 22:20:02.818[INFO] logback [main] o.s.w.s.m.m.a.RequestMappingHandlerMapping ]:Mapped "{[/error]}" onto public dy.springboot.demo1.vo.Msg dy.springboot.demo1.controller.AppErrorController.error()
[20190731 22:20:02.821[INFO] logback [main] o.s.w.s.m.m.a.RequestMappingHandlerMapping ]:Mapped "{[/demo/test2]}" onto public java.lang.String dy.springboot.demo1.controller.DemoController.test2(java.lang.String)
[20190731 22:20:02.822[INFO] logback [main] o.s.w.s.m.m.a.RequestMappingHandlerMapping ]:Mapped "{[/demo/testMapper]}" onto public dy.springboot.demo1.vo.Msg dy.springboot.demo1.controller.DemoController.testMapper()
[20190731 22:20:02.822[INFO] logback [main] o.s.w.s.m.m.a.RequestMappingHandlerMapping ]:Mapped "{[/demo/sessions],methods=[GET]}" onto public java.lang.Object dy.springboot.demo1.controller.DemoController.sessions(javax.servlet.http.HttpServletRequest,javax.servlet.http.HttpSession)
[20190731 22:20:02.822[INFO] logback [main] o.s.w.s.m.m.a.RequestMappingHandlerMapping ]:Mapped "{[/demo/testMybatisPlus]}" onto public dy.springboot.demo1.vo.Msg dy.springboot.demo1.controller.DemoController.testMyBatisPlus()
[20190731 22:20:02.822[INFO] logback [main] o.s.w.s.m.m.a.RequestMappingHandlerMapping ]:Mapped "{[/demo/test1]}" onto public java.lang.String dy.springboot.demo1.controller.DemoController.test1(java.lang.String)
[20190731 22:20:02.823[INFO] logback [main] o.s.w.s.m.m.a.RequestMappingHandlerMapping ]:Mapped "{[/demo/first],methods=[GET]}" onto public java.util.Map<java.lang.String, java.lang.Object> dy.springboot.demo1.controller.DemoController.firstResp(javax.servlet.http.HttpServletRequest)
[20190731 22:20:02.823[INFO] logback [main] o.s.w.s.m.m.a.RequestMappingHandlerMapping ]:Mapped "{[/login/validLogin]}" onto public java.lang.String dy.springboot.demo1.controller.LoginController.validLogin(javax.servlet.http.HttpServletRequest)
[20190731 22:20:02.824[INFO] logback [main] o.s.w.s.m.m.a.RequestMappingHandlerMapping ]:Mapped "{[/login/doLogin]}" onto public java.lang.String dy.springboot.demo1.controller.LoginController.login(javax.servlet.http.HttpServletResponse,java.lang.String)
[20190731 22:20:02.824[INFO] logback [main] o.s.w.s.m.m.a.RequestMappingHandlerMapping ]:Mapped "{[/login/logout]}" onto public java.lang.String dy.springboot.demo1.controller.LoginController.logout(javax.servlet.http.HttpServletRequest,javax.servlet.http.HttpServletResponse)
[20190731 22:20:02.873[INFO] logback [main] o.s.w.s.h.SimpleUrlHandlerMapping ]:Mapped URL path [/webjars/**] onto handler of type [class org.springframework.web.servlet.resource.ResourceHttpRequestHandler]
[20190731 22:20:02.873[INFO] logback [main] o.s.w.s.h.SimpleUrlHandlerMapping ]:Mapped URL path [/**] onto handler of type [class org.springframework.web.servlet.resource.ResourceHttpRequestHandler]
[20190731 22:20:02.887[INFO] logback [main] o.s.w.s.m.m.a.ExceptionHandlerExceptionResolver ]:Detected @ExceptionHandler methods in exceptionHandler
[20190731 22:20:02.921[INFO] logback [main] o.s.b.a.w.s.WelcomePageHandlerMapping ]:Adding welcome page template: index
[20190731 22:20:03.429[INFO] logback [main] o.s.s.c.ThreadPoolTaskScheduler ]:Initializing ExecutorService 'taskScheduler'
[20190731 22:20:03.763[INFO] logback [main] o.s.j.e.a.AnnotationMBeanExporter ]:Registering beans for JMX exposure on startup
[20190731 22:20:03.764[INFO] logback [main] o.s.j.e.a.AnnotationMBeanExporter ]:Bean with name 'dataSource' has been autodetected for JMX exposure
[20190731 22:20:03.770[INFO] logback [main] o.s.j.e.a.AnnotationMBeanExporter ]:Located MBean 'dataSource': registering with JMX server as MBean [com.zaxxer.hikari:name=dataSource,type=HikariDataSource]
[20190731 22:20:03.780[INFO] logback [main] o.s.c.s.DefaultLifecycleProcessor ]:Starting beans in phase 0
[20190731 22:20:03.780[INFO] logback [main] o.s.i.endpoint.EventDrivenConsumer ]:Adding {logging-channel-adapter:_org.springframework.integration.errorLogger} as a subscriber to the 'errorChannel' channel
[20190731 22:20:03.781[INFO] logback [main] o.s.i.c.PublishSubscribeChannel ]:Channel 'application.errorChannel' has 1 subscriber(s).
[20190731 22:20:03.781[INFO] logback [main] o.s.i.endpoint.EventDrivenConsumer ]:started _org.springframework.integration.errorLogger
[20190731 22:20:03.788[INFO] logback [main] o.a.coyote.http11.Http11NioProtocol ]:Starting ProtocolHandler ["http-nio-8080"]
[20190731 22:20:03.798[INFO] logback [main] o.a.tomcat.util.net.NioSelectorPool ]:Using a shared selector for servlet write/read
[20190731 22:20:03.821[INFO] logback [main] o.s.b.w.e.tomcat.TomcatWebServer ]:Tomcat started on port(s): 8080 (http) with context path ''
[20190731 22:20:03.824[INFO] logback [main] dy.springboot.demo1.BootApplication ]:Started BootApplication in 4.538 seconds (JVM running for 6.063)
[20190731 22:20:23.462[INFO] logback [http-nio-8080-exec-1] o.a.c.c.C.[Tomcat].[localhost].[/] ]:Initializing Spring FrameworkServlet 'dispatcherServlet'
[20190731 22:20:23.463[INFO] logback [http-nio-8080-exec-1] o.s.web.servlet.DispatcherServlet ]:FrameworkServlet 'dispatcherServlet': initialization started
[20190731 22:20:23.489[INFO] logback [http-nio-8080-exec-1] o.s.web.servlet.DispatcherServlet ]:FrameworkServlet 'dispatcherServlet': initialization completed in 26 ms
[20190731 22:22:08.154[INFO] logback [main] dy.springboot.demo1.BootApplication ]:Starting BootApplication on hdy with PID 12856 (started by hdy in D:\ProgrammaSoftware\InteliJ IDEA\workspace2\springboot-demo-1)
[20190731 22:22:08.193[INFO] logback [main] dy.springboot.demo1.BootApplication ]:No active profile set, falling back to default profiles: default
[20190731 22:22:08.246[INFO] logback [main] o.s.b.w.s.c.AnnotationConfigServletWebServerApplicationContext ]:Refreshing org.springframework.boot.web.servlet.context.AnnotationConfigServletWebServerApplicationContext@5c18016b: startup date [Wed Jul 31 22:22:08 CST 2019]; root of context hierarchy
[20190731 22:22:08.691[INFO] logback [main] o.s.b.f.xml.XmlBeanDefinitionReader ]:Loading XML bean definitions from class path resource [mybean.xml]
[20190731 22:22:08.994[INFO] logback [main] o.s.d.r.c.RepositoryConfigurationDelegate ]:Multiple Spring Data modules found, entering strict repository configuration mode!
[20190731 22:22:09.065[INFO] logback [main] o.s.i.config.IntegrationRegistrar ]:No bean named 'integrationHeaderChannelRegistry' has been explicitly defined. Therefore, a default DefaultHeaderChannelRegistry will be created.
[20190731 22:22:09.329[INFO] logback [main] o.s.i.c.DefaultConfiguringBeanFactoryPostProcessor ]:No bean named 'errorChannel' has been explicitly defined. Therefore, a default PublishSubscribeChannel will be created.
[20190731 22:22:09.335[INFO] logback [main] o.s.i.c.DefaultConfiguringBeanFactoryPostProcessor ]:No bean named 'taskScheduler' has been explicitly defined. Therefore, a default ThreadPoolTaskScheduler will be created.
[20190731 22:22:09.514[INFO] logback [main] o.s.c.s.PostProcessorRegistrationDelegate$BeanPostProcessorChecker ]:Bean 'org.springframework.transaction.annotation.ProxyTransactionManagementConfiguration' of type [org.springframework.transaction.annotation.ProxyTransactionManagementConfiguration$$EnhancerBySpringCGLIB$$9578064f] is not eligible for getting processed by all BeanPostProcessors (for example: not eligible for auto-proxying)
[20190731 22:22:09.687[INFO] logback [main] o.s.c.s.PostProcessorRegistrationDelegate$BeanPostProcessorChecker ]:Bean 'org.springframework.integration.config.IntegrationManagementConfiguration' of type [org.springframework.integration.config.IntegrationManagementConfiguration$$EnhancerBySpringCGLIB$$69c17e] is not eligible for getting processed by all BeanPostProcessors (for example: not eligible for auto-proxying)
[20190731 22:22:10.318[INFO] logback [main] o.s.b.w.e.tomcat.TomcatWebServer ]:Tomcat initialized with port(s): 8080 (http)
[20190731 22:22:10.333[INFO] logback [main] o.a.coyote.http11.Http11NioProtocol ]:Initializing ProtocolHandler ["http-nio-8080"]
[20190731 22:22:10.348[INFO] logback [main] o.a.catalina.core.StandardService ]:Starting service [Tomcat]
[20190731 22:22:10.349[INFO] logback [main] o.a.catalina.core.StandardEngine ]:Starting Servlet Engine: Apache Tomcat/8.5.39
[20190731 22:22:10.354[INFO] logback [localhost-startStop-1] o.a.c.core.AprLifecycleListener ]:The APR based Apache Tomcat Native library which allows optimal performance in production environments was not found on the java.library.path: [C:\Program Files\Java\jdk1.8.0_171\bin;C:\WINDOWS\Sun\Java\bin;C:\WINDOWS\system32;C:\WINDOWS;D:\ProgrammaSoftware\Python\Python3.7\Scripts\;D:\ProgrammaSoftware\Python\Python3.7\;C:\Program Files (x86)\Common Files\Intel\Shared Libraries\redist\intel64\compiler;C:\Program Files (x86)\Common Files\Oracle\Java\javapath;C:\Program Files (x86)\Intel\Intel(R) Management Engine Components\iCLS\;C:\Program Files\Intel\Intel(R) Management Engine Components\iCLS\;C:\Windows\System32;C:\Windows;C:\Windows\System32\Wbem;C:\Windows\System32\WindowsPowerShell\v1.0\;C:\Program Files (x86)\Intel\Intel(R) Management Engine Components\DAL;C:\Program Files\Intel\Intel(R) Management Engine Components\DAL;C:\Program Files (x86)\Intel\Intel(R) Management Engine Components\IPT;C:\Program Files\Intel\Intel(R) Management Engine Components\IPT;C:\Program Files\Java\jre1.8.0_171;C:\Program Files\Java\jdk1.8.0_171;D:\ProgrammaSoftware\Apache Maven\apache-maven-3.5.3\bin;C:\WINDOWS\system32;C:\WINDOWS;C:\WINDOWS\System32\Wbem;C:\WINDOWS\System32\WindowsPowerShell\v1.0\;C:\WINDOWS\System32\OpenSSH\;C:\Program Files\Intel\WiFi\bin\;C:\Program Files\Common Files\Intel\WirelessCommon\;D:\ProgrammaSoftware\Git\cmd;C:\Program Files\NVIDIA Corporation\NVIDIA NvDLISR;D:\ProgrammaSoftware\erlang\erl9.3\bin;C:\Program Files (x86)\NVIDIA Corporation\PhysX\Common;D:\ProgrammaSoftware\zookeeper\zookeeper-3.4.13\bin;C:\Program Files\Java\jdk1.8.0_171\bin;C:\Program Files\Java\jre1.8.0_171\bin;C:\Program Files (x86)\Windows Kits\10\Windows Performance Toolkit\;C:\WINDOWS\system32;C:\WINDOWS;C:\WINDOWS\System32\Wbem;C:\WINDOWS\System32\WindowsPowerShell\v1.0\;C:\WINDOWS\System32\OpenSSH\;C:\Program Files\dotnet\;C:\Users\44824\AppData\Local\Microsoft\WindowsApps;C:\Program Files\Intel\WiFi\bin\;C:\Program Files\Common Files\Intel\WirelessCommon\;D:\ProgrammaSoftware\Python\PyCharm\PyCharm Edu 2018.3\bin;;C:\Windows\System32;;.]
[20190731 22:22:10.702[INFO] logback [localhost-startStop-1] org.apache.jasper.servlet.TldScanner ]:At least one JAR was scanned for TLDs yet contained no TLDs. Enable debug logging for this logger for a complete list of JARs that were scanned but no TLDs were found in them. Skipping unneeded JARs during scanning can improve startup time and JSP compilation time.
[20190731 22:22:10.717[INFO] logback [localhost-startStop-1] o.a.c.c.C.[Tomcat].[localhost].[/] ]:Initializing Spring embedded WebApplicationContext
[20190731 22:22:10.717[INFO] logback [localhost-startStop-1] o.s.web.context.ContextLoader ]:Root WebApplicationContext: initialization completed in 2472 ms
[20190731 22:22:10.834[INFO] logback [localhost-startStop-1] o.s.b.w.s.ServletRegistrationBean ]:Servlet dispatcherServlet mapped to [/]
[20190731 22:22:10.841[INFO] logback [localhost-startStop-1] o.s.b.w.s.FilterRegistrationBean ]:Mapping filter: 'characterEncodingFilter' to: [/*]
[20190731 22:22:10.842[INFO] logback [localhost-startStop-1] o.s.b.w.s.FilterRegistrationBean ]:Mapping filter: 'hiddenHttpMethodFilter' to: [/*]
[20190731 22:22:10.843[INFO] logback [localhost-startStop-1] o.s.b.w.s.FilterRegistrationBean ]:Mapping filter: 'httpPutFormContentFilter' to: [/*]
[20190731 22:22:10.843[INFO] logback [localhost-startStop-1] o.s.b.w.s.FilterRegistrationBean ]:Mapping filter: 'requestContextFilter' to: [/*]
[20190731 22:22:11.189[INFO] logback [main] com.zaxxer.hikari.HikariDataSource ]:MyDataHikariCP - Starting...
[20190731 22:22:11.348[INFO] logback [main] com.zaxxer.hikari.HikariDataSource ]:MyDataHikariCP - Start completed.
[20190731 22:22:11.478[WARN] logback [main] c.b.m.core.toolkit.TableInfoHelper ]:Warn: Could not find @TableId in Class: dy.springboot.demo1.model.Student.
[20190731 22:22:11.685[INFO] logback [main] o.s.w.s.h.SimpleUrlHandlerMapping ]:Mapped URL path [/**/favicon.ico] onto handler of type [class org.springframework.web.servlet.resource.ResourceHttpRequestHandler]
[20190731 22:22:12.073[INFO] logback [main] o.s.w.s.m.m.a.RequestMappingHandlerAdapter ]:Looking for @ControllerAdvice: org.springframework.boot.web.servlet.context.AnnotationConfigServletWebServerApplicationContext@5c18016b: startup date [Wed Jul 31 22:22:08 CST 2019]; root of context hierarchy
[20190731 22:22:12.149[INFO] logback [main] o.s.w.s.m.m.a.RequestMappingHandlerMapping ]:Mapped "{[/hello]}" onto public java.lang.String dy.springboot.demo1.BootApplication.hello(java.lang.String)
[20190731 22:22:12.150[INFO] logback [main] o.s.w.s.m.m.a.RequestMappingHandlerMapping ]:Mapped "{[/]}" onto public java.lang.String dy.springboot.demo1.BootApplication.toIndex()
[20190731 22:22:12.151[INFO] logback [main] o.s.w.s.m.m.a.RequestMappingHandlerMapping ]:Mapped "{[/index]}" onto public java.lang.String dy.springboot.demo1.BootApplication.toIndex_()
[20190731 22:22:12.151[INFO] logback [main] o.s.w.s.m.m.a.RequestMappingHandlerMapping ]:Mapped "{[/error]}" onto public dy.springboot.demo1.vo.Msg dy.springboot.demo1.controller.AppErrorController.error()
[20190731 22:22:12.155[INFO] logback [main] o.s.w.s.m.m.a.RequestMappingHandlerMapping ]:Mapped "{[/demo/sessions],methods=[GET]}" onto public java.lang.Object dy.springboot.demo1.controller.DemoController.sessions(javax.servlet.http.HttpServletRequest,javax.servlet.http.HttpSession)
[20190731 22:22:12.155[INFO] logback [main] o.s.w.s.m.m.a.RequestMappingHandlerMapping ]:Mapped "{[/demo/testMapper]}" onto public dy.springboot.demo1.vo.Msg dy.springboot.demo1.controller.DemoController.testMapper()
[20190731 22:22:12.155[INFO] logback [main] o.s.w.s.m.m.a.RequestMappingHandlerMapping ]:Mapped "{[/demo/test1]}" onto public java.lang.String dy.springboot.demo1.controller.DemoController.test1(java.lang.String)
[20190731 22:22:12.156[INFO] logback [main] o.s.w.s.m.m.a.RequestMappingHandlerMapping ]:Mapped "{[/demo/test2]}" onto public java.lang.String dy.springboot.demo1.controller.DemoController.test2(java.lang.String)
[20190731 22:22:12.156[INFO] logback [main] o.s.w.s.m.m.a.RequestMappingHandlerMapping ]:Mapped "{[/demo/first],methods=[GET]}" onto public java.util.Map<java.lang.String, java.lang.Object> dy.springboot.demo1.controller.DemoController.firstResp(javax.servlet.http.HttpServletRequest)
[20190731 22:22:12.156[INFO] logback [main] o.s.w.s.m.m.a.RequestMappingHandlerMapping ]:Mapped "{[/demo/testMybatisPlus]}" onto public dy.springboot.demo1.vo.Msg dy.springboot.demo1.controller.DemoController.testMyBatisPlus()
[20190731 22:22:12.157[INFO] logback [main] o.s.w.s.m.m.a.RequestMappingHandlerMapping ]:Mapped "{[/login/doLogin]}" onto public java.lang.String dy.springboot.demo1.controller.LoginController.login(javax.servlet.http.HttpServletResponse,java.lang.String)
[20190731 22:22:12.157[INFO] logback [main] o.s.w.s.m.m.a.RequestMappingHandlerMapping ]:Mapped "{[/login/validLogin]}" onto public java.lang.String dy.springboot.demo1.controller.LoginController.validLogin(javax.servlet.http.HttpServletRequest)
[20190731 22:22:12.158[INFO] logback [main] o.s.w.s.m.m.a.RequestMappingHandlerMapping ]:Mapped "{[/login/logout]}" onto public java.lang.String dy.springboot.demo1.controller.LoginController.logout(javax.servlet.http.HttpServletRequest,javax.servlet.http.HttpServletResponse)
[20190731 22:22:12.212[INFO] logback [main] o.s.w.s.h.SimpleUrlHandlerMapping ]:Mapped URL path [/webjars/**] onto handler of type [class org.springframework.web.servlet.resource.ResourceHttpRequestHandler]
[20190731 22:22:12.212[INFO] logback [main] o.s.w.s.h.SimpleUrlHandlerMapping ]:Mapped URL path [/**] onto handler of type [class org.springframework.web.servlet.resource.ResourceHttpRequestHandler]
[20190731 22:22:12.232[INFO] logback [main] o.s.w.s.m.m.a.ExceptionHandlerExceptionResolver ]:Detected @ExceptionHandler methods in exceptionHandler
[20190731 22:22:12.279[INFO] logback [main] o.s.b.a.w.s.WelcomePageHandlerMapping ]:Adding welcome page template: index
[20190731 22:22:12.994[INFO] logback [main] o.s.s.c.ThreadPoolTaskScheduler ]:Initializing ExecutorService 'taskScheduler'
[20190731 22:22:13.349[INFO] logback [main] o.s.j.e.a.AnnotationMBeanExporter ]:Registering beans for JMX exposure on startup
[20190731 22:22:13.350[INFO] logback [main] o.s.j.e.a.AnnotationMBeanExporter ]:Bean with name 'dataSource' has been autodetected for JMX exposure
[20190731 22:22:13.357[INFO] logback [main] o.s.j.e.a.AnnotationMBeanExporter ]:Located MBean 'dataSource': registering with JMX server as MBean [com.zaxxer.hikari:name=dataSource,type=HikariDataSource]
[20190731 22:22:13.366[INFO] logback [main] o.s.c.s.DefaultLifecycleProcessor ]:Starting beans in phase 0
[20190731 22:22:13.367[INFO] logback [main] o.s.i.endpoint.EventDrivenConsumer ]:Adding {logging-channel-adapter:_org.springframework.integration.errorLogger} as a subscriber to the 'errorChannel' channel
[20190731 22:22:13.367[INFO] logback [main] o.s.i.c.PublishSubscribeChannel ]:Channel 'application.errorChannel' has 1 subscriber(s).
[20190731 22:22:13.367[INFO] logback [main] o.s.i.endpoint.EventDrivenConsumer ]:started _org.springframework.integration.errorLogger
[20190731 22:22:13.376[INFO] logback [main] o.a.coyote.http11.Http11NioProtocol ]:Starting ProtocolHandler ["http-nio-8080"]
[20190731 22:22:13.388[INFO] logback [main] o.a.tomcat.util.net.NioSelectorPool ]:Using a shared selector for servlet write/read
[20190731 22:22:13.408[INFO] logback [main] o.s.b.w.e.tomcat.TomcatWebServer ]:Tomcat started on port(s): 8080 (http) with context path ''
[20190731 22:22:13.411[INFO] logback [main] dy.springboot.demo1.BootApplication ]:Started BootApplication in 5.704 seconds (JVM running for 8.783)
[20190731 22:22:18.524[INFO] logback [http-nio-8080-exec-1] o.a.c.c.C.[Tomcat].[localhost].[/] ]:Initializing Spring FrameworkServlet 'dispatcherServlet'
[20190731 22:22:18.525[INFO] logback [http-nio-8080-exec-1] o.s.web.servlet.DispatcherServlet ]:FrameworkServlet 'dispatcherServlet': initialization started
[20190731 22:22:18.557[INFO] logback [http-nio-8080-exec-1] o.s.web.servlet.DispatcherServlet ]:FrameworkServlet 'dispatcherServlet': initialization completed in 32 ms
[20190731 22:23:59.405[WARN] logback [MyDataHikariCP housekeeper] com.zaxxer.hikari.pool.HikariPool ]:MyDataHikariCP - Thread starvation or clock leap detected (housekeeper delta=1m6s855ms249µs800ns).
[20190731 22:28:12.922[WARN] logback [MyDataHikariCP housekeeper] com.zaxxer.hikari.pool.HikariPool ]:MyDataHikariCP - Thread starvation or clock leap detected (housekeeper delta=2m26s978ms392µs100ns).
[20190731 22:29:01.527[WARN] logback [MyDataHikariCP housekeeper] com.zaxxer.hikari.pool.HikariPool ]:MyDataHikariCP - Thread starvation or clock leap detected (housekeeper delta=48s604ms133µs400ns).
[20190731 22:31:44.059[WARN] logback [MyDataHikariCP housekeeper] com.zaxxer.hikari.pool.HikariPool ]:MyDataHikariCP - Thread starvation or clock leap detected (housekeeper delta=52s436ms663µs200ns).
