[20190813 15:10:48.478[INFO] logback [main] dy.springboot.demo1.BootApplication ]:Starting BootApplication on hdy with PID 2544 (started by hdy in D:\ProgrammaSoftware\InteliJ IDEA\workspace2\springboot-demo-1)
[20190813 15:10:48.485[INFO] logback [main] dy.springboot.demo1.BootApplication ]:No active profile set, falling back to default profiles: default
[20190813 15:10:48.582[INFO] logback [main] o.s.b.w.s.c.AnnotationConfigServletWebServerApplicationContext ]:Refreshing org.springframework.boot.web.servlet.context.AnnotationConfigServletWebServerApplicationContext@57250572: startup date [Tue Aug 13 15:10:48 CST 2019]; root of context hierarchy
[20190813 15:10:49.100[INFO] logback [main] o.s.b.f.xml.XmlBeanDefinitionReader ]:Loading XML bean definitions from class path resource [mybean.xml]
[20190813 15:10:49.300[INFO] logback [main] o.s.d.r.c.RepositoryConfigurationDelegate ]:Multiple Spring Data modules found, entering strict repository configuration mode!
[20190813 15:10:49.384[INFO] logback [main] o.s.i.config.IntegrationRegistrar ]:No bean named 'integrationHeaderChannelRegistry' has been explicitly defined. Therefore, a default DefaultHeaderChannelRegistry will be created.
[20190813 15:10:49.633[INFO] logback [main] o.s.i.c.DefaultConfiguringBeanFactoryPostProcessor ]:No bean named 'errorChannel' has been explicitly defined. Therefore, a default PublishSubscribeChannel will be created.
[20190813 15:10:49.642[INFO] logback [main] o.s.i.c.DefaultConfiguringBeanFactoryPostProcessor ]:No bean named 'taskScheduler' has been explicitly defined. Therefore, a default ThreadPoolTaskScheduler will be created.
[20190813 15:10:49.791[INFO] logback [main] o.s.c.s.PostProcessorRegistrationDelegate$BeanPostProcessorChecker ]:Bean 'org.springframework.transaction.annotation.ProxyTransactionManagementConfiguration' of type [org.springframework.transaction.annotation.ProxyTransactionManagementConfiguration$$EnhancerBySpringCGLIB$$2e879b3a] is not eligible for getting processed by all BeanPostProcessors (for example: not eligible for auto-proxying)
[20190813 15:10:49.934[INFO] logback [main] o.s.c.s.PostProcessorRegistrationDelegate$BeanPostProcessorChecker ]:Bean 'org.springframework.integration.config.IntegrationManagementConfiguration' of type [org.springframework.integration.config.IntegrationManagementConfiguration$$EnhancerBySpringCGLIB$$99795669] is not eligible for getting processed by all BeanPostProcessors (for example: not eligible for auto-proxying)
[20190813 15:10:50.583[INFO] logback [main] o.s.b.w.e.tomcat.TomcatWebServer ]:Tomcat initialized with port(s): 8085 (http)
[20190813 15:10:50.595[INFO] logback [main] o.a.coyote.http11.Http11NioProtocol ]:Initializing ProtocolHandler ["http-nio-8085"]
[20190813 15:10:50.608[INFO] logback [main] o.a.catalina.core.StandardService ]:Starting service [Tomcat]
[20190813 15:10:50.608[INFO] logback [main] o.a.catalina.core.StandardEngine ]:Starting Servlet Engine: Apache Tomcat/8.5.39
[20190813 15:10:50.612[INFO] logback [localhost-startStop-1] o.a.c.core.AprLifecycleListener ]:The APR based Apache Tomcat Native library which allows optimal performance in production environments was not found on the java.library.path: [C:\Program Files\Java\jdk1.8.0_171\bin;C:\WINDOWS\Sun\Java\bin;C:\WINDOWS\system32;C:\WINDOWS;D:\ProgrammaSoftware\Python\Python3.7\Scripts\;D:\ProgrammaSoftware\Python\Python3.7\;C:\Program Files (x86)\Common Files\Intel\Shared Libraries\redist\intel64\compiler;C:\Program Files (x86)\Common Files\Oracle\Java\javapath;C:\Program Files (x86)\Intel\Intel(R) Management Engine Components\iCLS\;C:\Program Files\Intel\Intel(R) Management Engine Components\iCLS\;C:\Windows\System32;C:\Windows;C:\Windows\System32\Wbem;C:\Windows\System32\WindowsPowerShell\v1.0\;C:\Program Files (x86)\Intel\Intel(R) Management Engine Components\DAL;C:\Program Files\Intel\Intel(R) Management Engine Components\DAL;C:\Program Files (x86)\Intel\Intel(R) Management Engine Components\IPT;C:\Program Files\Intel\Intel(R) Management Engine Components\IPT;C:\Program Files\Java\jre1.8.0_171;C:\Program Files\Java\jdk1.8.0_171;D:\ProgrammaSoftware\Apache Maven\apache-maven-3.5.3\bin;C:\WINDOWS\system32;C:\WINDOWS;C:\WINDOWS\System32\Wbem;C:\WINDOWS\System32\WindowsPowerShell\v1.0\;C:\WINDOWS\System32\OpenSSH\;C:\Program Files\Intel\WiFi\bin\;C:\Program Files\Common Files\Intel\WirelessCommon\;D:\ProgrammaSoftware\Git\cmd;C:\Program Files\NVIDIA Corporation\NVIDIA NvDLISR;D:\ProgrammaSoftware\erlang\erl9.3\bin;C:\Program Files (x86)\NVIDIA Corporation\PhysX\Common;D:\ProgrammaSoftware\zookeeper\zookeeper-3.4.13\bin;C:\Program Files\Java\jdk1.8.0_171\bin;C:\Program Files\Java\jre1.8.0_171\bin;C:\Program Files (x86)\Windows Kits\10\Windows Performance Toolkit\;C:\WINDOWS\system32;C:\WINDOWS;C:\WINDOWS\System32\Wbem;C:\WINDOWS\System32\WindowsPowerShell\v1.0\;C:\WINDOWS\System32\OpenSSH\;C:\Program Files\dotnet\;C:\Users\44824\AppData\Local\Microsoft\WindowsApps;C:\Program Files\Intel\WiFi\bin\;C:\Program Files\Common Files\Intel\WirelessCommon\;D:\ProgrammaSoftware\Python\PyCharm\PyCharm Edu 2018.3\bin;C:\Windows\System32;C:\Users\44824\AppData\Local\GitHubDesktop\bin;.]
[20190813 15:10:50.905[INFO] logback [localhost-startStop-1] org.apache.jasper.servlet.TldScanner ]:At least one JAR was scanned for TLDs yet contained no TLDs. Enable debug logging for this logger for a complete list of JARs that were scanned but no TLDs were found in them. Skipping unneeded JARs during scanning can improve startup time and JSP compilation time.
[20190813 15:10:50.911[INFO] logback [localhost-startStop-1] o.a.c.c.C.[Tomcat].[localhost].[/] ]:Initializing Spring embedded WebApplicationContext
[20190813 15:10:50.911[INFO] logback [localhost-startStop-1] o.s.web.context.ContextLoader ]:Root WebApplicationContext: initialization completed in 2329 ms
[20190813 15:10:50.975[INFO] logback [localhost-startStop-1] o.s.b.w.s.ServletRegistrationBean ]:Servlet dispatcherServlet mapped to [/]
[20190813 15:10:50.979[INFO] logback [localhost-startStop-1] o.s.b.w.s.FilterRegistrationBean ]:Mapping filter: 'characterEncodingFilter' to: [/*]
[20190813 15:10:50.980[INFO] logback [localhost-startStop-1] o.s.b.w.s.FilterRegistrationBean ]:Mapping filter: 'hiddenHttpMethodFilter' to: [/*]
[20190813 15:10:50.980[INFO] logback [localhost-startStop-1] o.s.b.w.s.FilterRegistrationBean ]:Mapping filter: 'httpPutFormContentFilter' to: [/*]
[20190813 15:10:50.980[INFO] logback [localhost-startStop-1] o.s.b.w.s.FilterRegistrationBean ]:Mapping filter: 'requestContextFilter' to: [/*]
[20190813 15:10:51.219[INFO] logback [main] com.zaxxer.hikari.HikariDataSource ]:MyDataHikariCP - Starting...
[20190813 15:10:51.604[INFO] logback [main] com.zaxxer.hikari.HikariDataSource ]:MyDataHikariCP - Start completed.
[20190813 15:10:51.704[WARN] logback [main] c.b.m.core.toolkit.TableInfoHelper ]:Warn: Could not find @TableId in Class: dy.springboot.demo1.model.Student.
[20190813 15:10:51.898[INFO] logback [main] o.s.w.s.h.SimpleUrlHandlerMapping ]:Mapped URL path [/**/favicon.ico] onto handler of type [class org.springframework.web.servlet.resource.ResourceHttpRequestHandler]
[20190813 15:10:52.221[INFO] logback [main] o.s.w.s.m.m.a.RequestMappingHandlerAdapter ]:Looking for @ControllerAdvice: org.springframework.boot.web.servlet.context.AnnotationConfigServletWebServerApplicationContext@57250572: startup date [Tue Aug 13 15:10:48 CST 2019]; root of context hierarchy
[20190813 15:10:52.278[INFO] logback [main] o.s.w.s.m.m.a.RequestMappingHandlerMapping ]:Mapped "{[/]}" onto public java.lang.String dy.springboot.demo1.BootApplication.toIndex()
[20190813 15:10:52.279[INFO] logback [main] o.s.w.s.m.m.a.RequestMappingHandlerMapping ]:Mapped "{[/index]}" onto public java.lang.String dy.springboot.demo1.BootApplication.toIndex_()
[20190813 15:10:52.281[INFO] logback [main] o.s.w.s.m.m.a.RequestMappingHandlerMapping ]:Mapped "{[/hello]}" onto public java.lang.String dy.springboot.demo1.BootApplication.hello(java.lang.String)
[20190813 15:10:52.282[INFO] logback [main] o.s.w.s.m.m.a.RequestMappingHandlerMapping ]:Mapped "{[/error]}" onto public dy.springboot.demo1.vo.Msg dy.springboot.demo1.controller.AppErrorController.error()
[20190813 15:10:52.285[INFO] logback [main] o.s.w.s.m.m.a.RequestMappingHandlerMapping ]:Mapped "{[/demo/testMapper]}" onto public dy.springboot.demo1.vo.Msg dy.springboot.demo1.controller.DemoController.testMapper()
[20190813 15:10:52.285[INFO] logback [main] o.s.w.s.m.m.a.RequestMappingHandlerMapping ]:Mapped "{[/demo/test2]}" onto public java.lang.String dy.springboot.demo1.controller.DemoController.test2(java.lang.String)
[20190813 15:10:52.286[INFO] logback [main] o.s.w.s.m.m.a.RequestMappingHandlerMapping ]:Mapped "{[/demo/testMybatisPlus]}" onto public dy.springboot.demo1.vo.Msg dy.springboot.demo1.controller.DemoController.testMyBatisPlus()
[20190813 15:10:52.286[INFO] logback [main] o.s.w.s.m.m.a.RequestMappingHandlerMapping ]:Mapped "{[/demo/sessions],methods=[GET]}" onto public java.lang.Object dy.springboot.demo1.controller.DemoController.sessions(javax.servlet.http.HttpServletRequest,javax.servlet.http.HttpSession)
[20190813 15:10:52.286[INFO] logback [main] o.s.w.s.m.m.a.RequestMappingHandlerMapping ]:Mapped "{[/demo/first],methods=[GET]}" onto public java.util.Map<java.lang.String, java.lang.Object> dy.springboot.demo1.controller.DemoController.firstResp(javax.servlet.http.HttpServletRequest)
[20190813 15:10:52.287[INFO] logback [main] o.s.w.s.m.m.a.RequestMappingHandlerMapping ]:Mapped "{[/demo/test1]}" onto public java.lang.String dy.springboot.demo1.controller.DemoController.test1(java.lang.String)
[20190813 15:10:52.288[INFO] logback [main] o.s.w.s.m.m.a.RequestMappingHandlerMapping ]:Mapped "{[/login/doLogin]}" onto public java.lang.String dy.springboot.demo1.controller.LoginController.login(javax.servlet.http.HttpServletResponse,java.lang.String)
[20190813 15:10:52.288[INFO] logback [main] o.s.w.s.m.m.a.RequestMappingHandlerMapping ]:Mapped "{[/login/validLogin]}" onto public java.lang.String dy.springboot.demo1.controller.LoginController.validLogin(javax.servlet.http.HttpServletRequest)
[20190813 15:10:52.288[INFO] logback [main] o.s.w.s.m.m.a.RequestMappingHandlerMapping ]:Mapped "{[/login/logout]}" onto public java.lang.String dy.springboot.demo1.controller.LoginController.logout(javax.servlet.http.HttpServletRequest,javax.servlet.http.HttpServletResponse)
[20190813 15:10:52.340[INFO] logback [main] o.s.w.s.h.SimpleUrlHandlerMapping ]:Mapped URL path [/webjars/**] onto handler of type [class org.springframework.web.servlet.resource.ResourceHttpRequestHandler]
[20190813 15:10:52.340[INFO] logback [main] o.s.w.s.h.SimpleUrlHandlerMapping ]:Mapped URL path [/**] onto handler of type [class org.springframework.web.servlet.resource.ResourceHttpRequestHandler]
[20190813 15:10:52.357[INFO] logback [main] o.s.w.s.m.m.a.ExceptionHandlerExceptionResolver ]:Detected @ExceptionHandler methods in exceptionHandler
[20190813 15:10:52.393[INFO] logback [main] o.s.b.a.w.s.WelcomePageHandlerMapping ]:Adding welcome page template: index
[20190813 15:10:52.962[INFO] logback [main] o.s.s.c.ThreadPoolTaskScheduler ]:Initializing ExecutorService 'taskScheduler'
[20190813 15:10:53.256[INFO] logback [main] o.s.j.e.a.AnnotationMBeanExporter ]:Registering beans for JMX exposure on startup
[20190813 15:10:53.257[INFO] logback [main] o.s.j.e.a.AnnotationMBeanExporter ]:Bean with name 'dataSource' has been autodetected for JMX exposure
[20190813 15:10:53.262[INFO] logback [main] o.s.j.e.a.AnnotationMBeanExporter ]:Located MBean 'dataSource': registering with JMX server as MBean [com.zaxxer.hikari:name=dataSource,type=HikariDataSource]
[20190813 15:10:53.270[INFO] logback [main] o.s.c.s.DefaultLifecycleProcessor ]:Starting beans in phase 0
[20190813 15:10:53.271[INFO] logback [main] o.s.i.endpoint.EventDrivenConsumer ]:Adding {logging-channel-adapter:_org.springframework.integration.errorLogger} as a subscriber to the 'errorChannel' channel
[20190813 15:10:53.271[INFO] logback [main] o.s.i.c.PublishSubscribeChannel ]:Channel 'springboot-demo-1.errorChannel' has 1 subscriber(s).
[20190813 15:10:53.271[INFO] logback [main] o.s.i.endpoint.EventDrivenConsumer ]:started _org.springframework.integration.errorLogger
[20190813 15:10:53.278[INFO] logback [main] o.a.coyote.http11.Http11NioProtocol ]:Starting ProtocolHandler ["http-nio-8085"]
[20190813 15:10:53.287[INFO] logback [main] o.a.tomcat.util.net.NioSelectorPool ]:Using a shared selector for servlet write/read
[20190813 15:10:53.307[INFO] logback [main] o.s.b.w.e.tomcat.TomcatWebServer ]:Tomcat started on port(s): 8085 (http) with context path ''
[20190813 15:10:53.310[INFO] logback [main] dy.springboot.demo1.BootApplication ]:Started BootApplication in 5.212 seconds (JVM running for 6.921)
[20190813 15:17:19.665[INFO] logback [main] dy.springboot.demo1.BootApplication ]:Starting BootApplication on hdy with PID 3208 (started by hdy in D:\ProgrammaSoftware\InteliJ IDEA\workspace2\springboot-demo-1)
[20190813 15:17:19.672[INFO] logback [main] dy.springboot.demo1.BootApplication ]:No active profile set, falling back to default profiles: default
[20190813 15:17:19.803[INFO] logback [main] o.s.b.w.s.c.AnnotationConfigServletWebServerApplicationContext ]:Refreshing org.springframework.boot.web.servlet.context.AnnotationConfigServletWebServerApplicationContext@610f7aa: startup date [Tue Aug 13 15:17:19 CST 2019]; root of context hierarchy
[20190813 15:17:20.311[INFO] logback [main] o.s.b.f.xml.XmlBeanDefinitionReader ]:Loading XML bean definitions from class path resource [mybean.xml]
[20190813 15:17:20.517[INFO] logback [main] o.s.d.r.c.RepositoryConfigurationDelegate ]:Multiple Spring Data modules found, entering strict repository configuration mode!
[20190813 15:17:20.585[INFO] logback [main] o.s.i.config.IntegrationRegistrar ]:No bean named 'integrationHeaderChannelRegistry' has been explicitly defined. Therefore, a default DefaultHeaderChannelRegistry will be created.
[20190813 15:17:20.800[INFO] logback [main] o.s.i.c.DefaultConfiguringBeanFactoryPostProcessor ]:No bean named 'errorChannel' has been explicitly defined. Therefore, a default PublishSubscribeChannel will be created.
[20190813 15:17:20.805[INFO] logback [main] o.s.i.c.DefaultConfiguringBeanFactoryPostProcessor ]:No bean named 'taskScheduler' has been explicitly defined. Therefore, a default ThreadPoolTaskScheduler will be created.
[20190813 15:17:20.939[INFO] logback [main] o.s.c.s.PostProcessorRegistrationDelegate$BeanPostProcessorChecker ]:Bean 'org.springframework.transaction.annotation.ProxyTransactionManagementConfiguration' of type [org.springframework.transaction.annotation.ProxyTransactionManagementConfiguration$$EnhancerBySpringCGLIB$$7e318689] is not eligible for getting processed by all BeanPostProcessors (for example: not eligible for auto-proxying)
[20190813 15:17:21.055[INFO] logback [main] o.s.c.s.PostProcessorRegistrationDelegate$BeanPostProcessorChecker ]:Bean 'org.springframework.integration.config.IntegrationManagementConfiguration' of type [org.springframework.integration.config.IntegrationManagementConfiguration$$EnhancerBySpringCGLIB$$e92341b8] is not eligible for getting processed by all BeanPostProcessors (for example: not eligible for auto-proxying)
[20190813 15:17:21.621[INFO] logback [main] o.s.b.w.e.tomcat.TomcatWebServer ]:Tomcat initialized with port(s): 8085 (http)
[20190813 15:17:21.639[INFO] logback [main] o.a.coyote.http11.Http11NioProtocol ]:Initializing ProtocolHandler ["http-nio-8085"]
[20190813 15:17:21.657[INFO] logback [main] o.a.catalina.core.StandardService ]:Starting service [Tomcat]
[20190813 15:17:21.658[INFO] logback [main] o.a.catalina.core.StandardEngine ]:Starting Servlet Engine: Apache Tomcat/8.5.39
[20190813 15:17:21.662[INFO] logback [localhost-startStop-1] o.a.c.core.AprLifecycleListener ]:The APR based Apache Tomcat Native library which allows optimal performance in production environments was not found on the java.library.path: [C:\Program Files\Java\jdk1.8.0_171\bin;C:\WINDOWS\Sun\Java\bin;C:\WINDOWS\system32;C:\WINDOWS;D:\ProgrammaSoftware\Python\Python3.7\Scripts\;D:\ProgrammaSoftware\Python\Python3.7\;C:\Program Files (x86)\Common Files\Intel\Shared Libraries\redist\intel64\compiler;C:\Program Files (x86)\Common Files\Oracle\Java\javapath;C:\Program Files (x86)\Intel\Intel(R) Management Engine Components\iCLS\;C:\Program Files\Intel\Intel(R) Management Engine Components\iCLS\;C:\Windows\System32;C:\Windows;C:\Windows\System32\Wbem;C:\Windows\System32\WindowsPowerShell\v1.0\;C:\Program Files (x86)\Intel\Intel(R) Management Engine Components\DAL;C:\Program Files\Intel\Intel(R) Management Engine Components\DAL;C:\Program Files (x86)\Intel\Intel(R) Management Engine Components\IPT;C:\Program Files\Intel\Intel(R) Management Engine Components\IPT;C:\Program Files\Java\jre1.8.0_171;C:\Program Files\Java\jdk1.8.0_171;D:\ProgrammaSoftware\Apache Maven\apache-maven-3.5.3\bin;C:\WINDOWS\system32;C:\WINDOWS;C:\WINDOWS\System32\Wbem;C:\WINDOWS\System32\WindowsPowerShell\v1.0\;C:\WINDOWS\System32\OpenSSH\;C:\Program Files\Intel\WiFi\bin\;C:\Program Files\Common Files\Intel\WirelessCommon\;D:\ProgrammaSoftware\Git\cmd;C:\Program Files\NVIDIA Corporation\NVIDIA NvDLISR;D:\ProgrammaSoftware\erlang\erl9.3\bin;C:\Program Files (x86)\NVIDIA Corporation\PhysX\Common;D:\ProgrammaSoftware\zookeeper\zookeeper-3.4.13\bin;C:\Program Files\Java\jdk1.8.0_171\bin;C:\Program Files\Java\jre1.8.0_171\bin;C:\Program Files (x86)\Windows Kits\10\Windows Performance Toolkit\;C:\WINDOWS\system32;C:\WINDOWS;C:\WINDOWS\System32\Wbem;C:\WINDOWS\System32\WindowsPowerShell\v1.0\;C:\WINDOWS\System32\OpenSSH\;C:\Program Files\dotnet\;C:\Users\44824\AppData\Local\Microsoft\WindowsApps;C:\Program Files\Intel\WiFi\bin\;C:\Program Files\Common Files\Intel\WirelessCommon\;D:\ProgrammaSoftware\Python\PyCharm\PyCharm Edu 2018.3\bin;C:\Windows\System32;C:\Users\44824\AppData\Local\GitHubDesktop\bin;.]
[20190813 15:17:21.973[INFO] logback [localhost-startStop-1] org.apache.jasper.servlet.TldScanner ]:At least one JAR was scanned for TLDs yet contained no TLDs. Enable debug logging for this logger for a complete list of JARs that were scanned but no TLDs were found in them. Skipping unneeded JARs during scanning can improve startup time and JSP compilation time.
[20190813 15:17:21.979[INFO] logback [localhost-startStop-1] o.a.c.c.C.[Tomcat].[localhost].[/] ]:Initializing Spring embedded WebApplicationContext
[20190813 15:17:21.980[INFO] logback [localhost-startStop-1] o.s.web.context.ContextLoader ]:Root WebApplicationContext: initialization completed in 2177 ms
[20190813 15:17:22.044[INFO] logback [localhost-startStop-1] o.s.b.w.s.ServletRegistrationBean ]:Servlet dispatcherServlet mapped to [/]
[20190813 15:17:22.048[INFO] logback [localhost-startStop-1] o.s.b.w.s.FilterRegistrationBean ]:Mapping filter: 'characterEncodingFilter' to: [/*]
[20190813 15:17:22.048[INFO] logback [localhost-startStop-1] o.s.b.w.s.FilterRegistrationBean ]:Mapping filter: 'hiddenHttpMethodFilter' to: [/*]
[20190813 15:17:22.049[INFO] logback [localhost-startStop-1] o.s.b.w.s.FilterRegistrationBean ]:Mapping filter: 'httpPutFormContentFilter' to: [/*]
[20190813 15:17:22.049[INFO] logback [localhost-startStop-1] o.s.b.w.s.FilterRegistrationBean ]:Mapping filter: 'requestContextFilter' to: [/*]
[20190813 15:17:22.345[INFO] logback [main] com.zaxxer.hikari.HikariDataSource ]:MyDataHikariCP - Starting...
[20190813 15:17:22.492[INFO] logback [main] com.zaxxer.hikari.HikariDataSource ]:MyDataHikariCP - Start completed.
[20190813 15:17:22.605[WARN] logback [main] c.b.m.core.toolkit.TableInfoHelper ]:Warn: Could not find @TableId in Class: dy.springboot.demo1.model.Student.
[20190813 15:17:22.763[INFO] logback [main] o.s.w.s.h.SimpleUrlHandlerMapping ]:Mapped URL path [/**/favicon.ico] onto handler of type [class org.springframework.web.servlet.resource.ResourceHttpRequestHandler]
[20190813 15:17:23.086[INFO] logback [main] o.s.w.s.m.m.a.RequestMappingHandlerAdapter ]:Looking for @ControllerAdvice: org.springframework.boot.web.servlet.context.AnnotationConfigServletWebServerApplicationContext@610f7aa: startup date [Tue Aug 13 15:17:19 CST 2019]; root of context hierarchy
[20190813 15:17:23.136[INFO] logback [main] o.s.w.s.m.m.a.RequestMappingHandlerMapping ]:Mapped "{[/hello]}" onto public java.lang.String dy.springboot.demo1.BootApplication.hello(java.lang.String)
[20190813 15:17:23.137[INFO] logback [main] o.s.w.s.m.m.a.RequestMappingHandlerMapping ]:Mapped "{[/index]}" onto public java.lang.String dy.springboot.demo1.BootApplication.toIndex_()
[20190813 15:17:23.137[INFO] logback [main] o.s.w.s.m.m.a.RequestMappingHandlerMapping ]:Mapped "{[/]}" onto public java.lang.String dy.springboot.demo1.BootApplication.toIndex()
[20190813 15:17:23.138[INFO] logback [main] o.s.w.s.m.m.a.RequestMappingHandlerMapping ]:Mapped "{[/error]}" onto public dy.springboot.demo1.vo.Msg dy.springboot.demo1.controller.AppErrorController.error()
[20190813 15:17:23.140[INFO] logback [main] o.s.w.s.m.m.a.RequestMappingHandlerMapping ]:Mapped "{[/demo/test2]}" onto public java.lang.String dy.springboot.demo1.controller.DemoController.test2(java.lang.String)
[20190813 15:17:23.140[INFO] logback [main] o.s.w.s.m.m.a.RequestMappingHandlerMapping ]:Mapped "{[/demo/testMybatisPlus]}" onto public dy.springboot.demo1.vo.Msg dy.springboot.demo1.controller.DemoController.testMyBatisPlus()
[20190813 15:17:23.141[INFO] logback [main] o.s.w.s.m.m.a.RequestMappingHandlerMapping ]:Mapped "{[/demo/testMapper]}" onto public dy.springboot.demo1.vo.Msg dy.springboot.demo1.controller.DemoController.testMapper()
[20190813 15:17:23.141[INFO] logback [main] o.s.w.s.m.m.a.RequestMappingHandlerMapping ]:Mapped "{[/demo/test1]}" onto public java.lang.String dy.springboot.demo1.controller.DemoController.test1(java.lang.String)
[20190813 15:17:23.141[INFO] logback [main] o.s.w.s.m.m.a.RequestMappingHandlerMapping ]:Mapped "{[/demo/first],methods=[GET]}" onto public java.util.Map<java.lang.String, java.lang.Object> dy.springboot.demo1.controller.DemoController.firstResp(javax.servlet.http.HttpServletRequest)
[20190813 15:17:23.142[INFO] logback [main] o.s.w.s.m.m.a.RequestMappingHandlerMapping ]:Mapped "{[/demo/sessions],methods=[GET]}" onto public java.lang.Object dy.springboot.demo1.controller.DemoController.sessions(javax.servlet.http.HttpServletRequest,javax.servlet.http.HttpSession)
[20190813 15:17:23.143[INFO] logback [main] o.s.w.s.m.m.a.RequestMappingHandlerMapping ]:Mapped "{[/login/doLogin]}" onto public java.lang.String dy.springboot.demo1.controller.LoginController.login(javax.servlet.http.HttpServletResponse,java.lang.String)
[20190813 15:17:23.143[INFO] logback [main] o.s.w.s.m.m.a.RequestMappingHandlerMapping ]:Mapped "{[/login/logout]}" onto public java.lang.String dy.springboot.demo1.controller.LoginController.logout(javax.servlet.http.HttpServletRequest,javax.servlet.http.HttpServletResponse)
[20190813 15:17:23.143[INFO] logback [main] o.s.w.s.m.m.a.RequestMappingHandlerMapping ]:Mapped "{[/login/validLogin]}" onto public java.lang.String dy.springboot.demo1.controller.LoginController.validLogin(javax.servlet.http.HttpServletRequest)
[20190813 15:17:23.184[INFO] logback [main] o.s.w.s.h.SimpleUrlHandlerMapping ]:Mapped URL path [/webjars/**] onto handler of type [class org.springframework.web.servlet.resource.ResourceHttpRequestHandler]
[20190813 15:17:23.184[INFO] logback [main] o.s.w.s.h.SimpleUrlHandlerMapping ]:Mapped URL path [/**] onto handler of type [class org.springframework.web.servlet.resource.ResourceHttpRequestHandler]
[20190813 15:17:23.198[INFO] logback [main] o.s.w.s.m.m.a.ExceptionHandlerExceptionResolver ]:Detected @ExceptionHandler methods in exceptionHandler
[20190813 15:17:23.233[INFO] logback [main] o.s.b.a.w.s.WelcomePageHandlerMapping ]:Adding welcome page template: index
[20190813 15:17:23.819[INFO] logback [main] o.s.s.c.ThreadPoolTaskScheduler ]:Initializing ExecutorService 'taskScheduler'
